#
# There is insufficient memory for the Java Runtime Environment to continue.
# Native memory allocation (malloc) failed to allocate 1268416 bytes for Chunk::new
# Possible reasons:
#   The system is out of physical RAM or swap space
#   In 32 bit mode, the process size limit was hit
# Possible solutions:
#   Reduce memory load on the system
#   Increase physical memory or swap space
#   Check if swap backing store is full
#   Use 64 bit Java on a 64 bit OS
#   Decrease Java heap size (-Xmx/-Xms)
#   Decrease number of Java threads
#   Decrease Java thread stack sizes (-Xss)
#   Set larger code cache with -XX:ReservedCodeCacheSize=
# This output file may be truncated or incomplete.
#
#  Out of Memory Error (allocation.cpp:390), pid=11468, tid=11444
#
# JRE version: Java(TM) SE Runtime Environment (8.0_45-b15) (build 1.8.0_45-b15)
# Java VM: Java HotSpot(TM) 64-Bit Server VM (25.45-b02 mixed mode windows-amd64 compressed oops)
# Failed to write core dump. Minidumps are not enabled by default on client versions of Windows
#

---------------  T H R E A D  ---------------

Current thread (0x000000001759a000):  JavaThread "C2 CompilerThread1" daemon [_thread_in_native, id=11444, stack(0x0000000017c10000,0x0000000017d10000)]

Stack: [0x0000000017c10000,0x0000000017d10000]
Native frames: (J=compiled Java code, j=interpreted, Vv=VM code, C=native code)
V  [jvm.dll+0x32b57a]
V  [jvm.dll+0x279873]
V  [jvm.dll+0x27a509]
V  [jvm.dll+0x271825]
V  [jvm.dll+0xcb9e2]
V  [jvm.dll+0xcbeac]
V  [jvm.dll+0x476ef2]
V  [jvm.dll+0x4b955f]
V  [jvm.dll+0x46bf81]
V  [jvm.dll+0x46ccbe]
V  [jvm.dll+0x4500f2]
V  [jvm.dll+0xa4352]
V  [jvm.dll+0xa4c8f]
V  [jvm.dll+0x241984]
V  [jvm.dll+0x29853a]
C  [msvcr100.dll+0x21d9f]
C  [msvcr100.dll+0x21e3b]
C  [KERNEL32.DLL+0x12d92]
C  [ntdll.dll+0x9f64]


Current CompileTask:
C2:   1863 1336       4       com.android.dx.ssa.LocalVariableExtractor::processBlock (383 bytes)


---------------  P R O C E S S  ---------------

Java Threads: ( => current thread )
  0x0000000017846000 JavaThread "pool-1-thread-4" [_thread_in_Java, id=9432, stack(0x0000000018510000,0x0000000018610000)]
  0x0000000017836000 JavaThread "pool-1-thread-3" [_thread_blocked, id=7484, stack(0x0000000018410000,0x0000000018510000)]
  0x000000001782b000 JavaThread "pool-1-thread-2" [_thread_in_Java, id=12244, stack(0x0000000018310000,0x0000000018410000)]
  0x000000001781a800 JavaThread "pool-2-thread-1" [_thread_blocked, id=6612, stack(0x0000000018210000,0x0000000018310000)]
  0x0000000017818000 JavaThread "pool-1-thread-1" [_thread_blocked, id=12220, stack(0x0000000018110000,0x0000000018210000)]
  0x0000000017641800 JavaThread "Service Thread" daemon [_thread_blocked, id=10796, stack(0x0000000017f10000,0x0000000018010000)]
  0x00000000175ac800 JavaThread "C1 CompilerThread3" daemon [_thread_blocked, id=7460, stack(0x0000000017e10000,0x0000000017f10000)]
  0x00000000175a9800 JavaThread "C2 CompilerThread2" daemon [_thread_in_native, id=11972, stack(0x0000000017d10000,0x0000000017e10000)]
=>0x000000001759a000 JavaThread "C2 CompilerThread1" daemon [_thread_in_native, id=11444, stack(0x0000000017c10000,0x0000000017d10000)]
  0x0000000017594000 JavaThread "C2 CompilerThread0" daemon [_thread_in_native, id=12004, stack(0x0000000017b10000,0x0000000017c10000)]
  0x0000000017591800 JavaThread "Attach Listener" daemon [_thread_blocked, id=1656, stack(0x0000000017a10000,0x0000000017b10000)]
  0x0000000017545800 JavaThread "Signal Dispatcher" daemon [_thread_blocked, id=12140, stack(0x0000000017910000,0x0000000017a10000)]
  0x00000000029e8800 JavaThread "Finalizer" daemon [_thread_blocked, id=688, stack(0x0000000017410000,0x0000000017510000)]
  0x000000001550d800 JavaThread "Reference Handler" daemon [_thread_blocked, id=10568, stack(0x0000000017310000,0x0000000017410000)]
  0x00000000028f0800 JavaThread "main" [_thread_blocked, id=6604, stack(0x0000000002770000,0x0000000002870000)]

Other Threads:
  0x0000000015509000 VMThread [stack: 0x0000000017210000,0x0000000017310000] [id=8652]
  0x0000000017642800 WatcherThread [stack: 0x0000000018010000,0x0000000018110000] [id=11236]

VM state:not at safepoint (normal execution)

VM Mutex/Monitor currently owned by a thread: None

Heap:
 PSYoungGen      total 71680K, used 22006K [0x00000000eab00000, 0x00000000ef600000, 0x0000000100000000)
  eden space 66560K, 25% used [0x00000000eab00000,0x00000000ebb806b0,0x00000000eec00000)
  from space 5120K, 99% used [0x00000000ef100000,0x00000000ef5fd2f0,0x00000000ef600000)
  to   space 5120K, 0% used [0x00000000eec00000,0x00000000eec00000,0x00000000ef100000)
 ParOldGen       total 87552K, used 6884K [0x00000000c0000000, 0x00000000c5580000, 0x00000000eab00000)
  object space 87552K, 7% used [0x00000000c0000000,0x00000000c06b90b8,0x00000000c5580000)
 Metaspace       used 6156K, capacity 7094K, committed 7296K, reserved 1056768K
  class space    used 607K, capacity 622K, committed 640K, reserved 1048576K

Card table byte_map: [0x0000000011db0000,0x0000000011fc0000] byte_map_base: 0x00000000117b0000

Marking Bits: (ParMarkBitMap*) 0x00000000716e4040
 Begin Bits: [0x0000000012920000, 0x0000000013920000)
 End Bits:   [0x0000000013920000, 0x0000000014920000)

Polling page: 0x0000000002390000

CodeCache: size=245760Kb used=6096Kb max_used=6096Kb free=239663Kb
 bounds [0x00000000029f0000, 0x0000000002ff0000, 0x00000000119f0000]
 total_blobs=1783 nmethods=1511 adapters=184
 compilation: enabled

Compilation events (10 events):
Event: 1.839 Thread 0x00000000175ac800 1530       2       com.android.dx.cf.direct.AttributeFactory::parse0 (53 bytes)
Event: 1.840 Thread 0x00000000175ac800 nmethod 1530 0x0000000002fe0d10 code [0x0000000002fe0ec0, 0x0000000002fe1348]
Event: 1.843 Thread 0x00000000175ac800 1531   !   2       com.android.dx.cf.attrib.AttCode::<init> (144 bytes)
Event: 1.843 Thread 0x00000000175ac800 nmethod 1531 0x0000000002fe17d0 code [0x0000000002fe19c0, 0x0000000002fe20c8]
Event: 1.843 Thread 0x00000000175ac800 1532       2       com.android.dx.cf.attrib.AttCode::byteLength (29 bytes)
Event: 1.844 Thread 0x00000000175ac800 nmethod 1532 0x0000000002fe2690 code [0x0000000002fe2820, 0x0000000002fe2b18]
Event: 1.844 Thread 0x00000000175ac800 1533       2       com.android.dx.cf.code.BytecodeArray::byteLength (10 bytes)
Event: 1.844 Thread 0x00000000175ac800 nmethod 1533 0x0000000002fe2e10 code [0x0000000002fe2f60, 0x0000000002fe30b0]
Event: 1.844 Thread 0x00000000175ac800 1534       2       com.android.dx.cf.code.ByteCatchList::byteLength (10 bytes)
Event: 1.844 Thread 0x00000000175ac800 nmethod 1534 0x0000000002fe3150 code [0x0000000002fe32a0, 0x0000000002fe33f0]

GC Heap History (4 events):
Event: 0.892 GC heap before
{Heap before GC invocations=1 (full 0):
 PSYoungGen      total 38400K, used 33280K [0x00000000eab00000, 0x00000000ed580000, 0x0000000100000000)
  eden space 33280K, 100% used [0x00000000eab00000,0x00000000ecb80000,0x00000000ecb80000)
  from space 5120K, 0% used [0x00000000ed080000,0x00000000ed080000,0x00000000ed580000)
  to   space 5120K, 0% used [0x00000000ecb80000,0x00000000ecb80000,0x00000000ed080000)
 ParOldGen       total 87552K, used 0K [0x00000000c0000000, 0x00000000c5580000, 0x00000000eab00000)
  object space 87552K, 0% used [0x00000000c0000000,0x00000000c0000000,0x00000000c5580000)
 Metaspace       used 5870K, capacity 6896K, committed 7040K, reserved 1056768K
  class space    used 587K, capacity 616K, committed 640K, reserved 1048576K
Event: 1.162 GC heap after
Heap after GC invocations=1 (full 0):
 PSYoungGen      total 38400K, used 5115K [0x00000000eab00000, 0x00000000ef600000, 0x0000000100000000)
  eden space 33280K, 0% used [0x00000000eab00000,0x00000000eab00000,0x00000000ecb80000)
  from space 5120K, 99% used [0x00000000ecb80000,0x00000000ed07eee8,0x00000000ed080000)
  to   space 5120K, 0% used [0x00000000ef100000,0x00000000ef100000,0x00000000ef600000)
 ParOldGen       total 87552K, used 2452K [0x00000000c0000000, 0x00000000c5580000, 0x00000000eab00000)
  object space 87552K, 2% used [0x00000000c0000000,0x00000000c02651d0,0x00000000c5580000)
 Metaspace       used 5870K, capacity 6896K, committed 7040K, reserved 1056768K
  class space    used 587K, capacity 616K, committed 640K, reserved 1048576K
}
Event: 1.607 GC heap before
{Heap before GC invocations=2 (full 0):
 PSYoungGen      total 38400K, used 38395K [0x00000000eab00000, 0x00000000ef600000, 0x0000000100000000)
  eden space 33280K, 100% used [0x00000000eab00000,0x00000000ecb80000,0x00000000ecb80000)
  from space 5120K, 99% used [0x00000000ecb80000,0x00000000ed07eee8,0x00000000ed080000)
  to   space 5120K, 0% used [0x00000000ef100000,0x00000000ef100000,0x00000000ef600000)
 ParOldGen       total 87552K, used 2452K [0x00000000c0000000, 0x00000000c5580000, 0x00000000eab00000)
  object space 87552K, 2% used [0x00000000c0000000,0x00000000c02651d0,0x00000000c5580000)
 Metaspace       used 6116K, capacity 7030K, committed 7296K, reserved 1056768K
  class space    used 607K, capacity 622K, committed 640K, reserved 1048576K
Event: 1.785 GC heap after
Heap after GC invocations=2 (full 0):
 PSYoungGen      total 71680K, used 5108K [0x00000000eab00000, 0x00000000ef600000, 0x0000000100000000)
  eden space 66560K, 0% used [0x00000000eab00000,0x00000000eab00000,0x00000000eec00000)
  from space 5120K, 99% used [0x00000000ef100000,0x00000000ef5fd2f0,0x00000000ef600000)
  to   space 5120K, 0% used [0x00000000eec00000,0x00000000eec00000,0x00000000ef100000)
 ParOldGen       total 87552K, used 6884K [0x00000000c0000000, 0x00000000c5580000, 0x00000000eab00000)
  object space 87552K, 7% used [0x00000000c0000000,0x00000000c06b90b8,0x00000000c5580000)
 Metaspace       used 6116K, capacity 7030K, committed 7296K, reserved 1056768K
  class space    used 607K, capacity 622K, committed 640K, reserved 1048576K
}

Deoptimization events (10 events):
Event: 1.433 Thread 0x0000000017818000 Uncommon trap: reason=unstable_if action=reinterpret pc=0x0000000002e71a18 method=com.android.dx.ssa.SCCP.simulateStmt(Lcom/android/dx/ssa/SsaInsn;)V @ 59
Event: 1.435 Thread 0x0000000017818000 Uncommon trap: reason=bimorphic action=maybe_recompile pc=0x0000000002d5c2b4 method=java.util.HashMap.getNode(ILjava/lang/Object;)Ljava/util/HashMap$Node; @ 126
Event: 1.435 Thread 0x0000000017818000 Uncommon trap: reason=class_check action=maybe_recompile pc=0x0000000002e30f80 method=java.util.HashMap.putVal(ILjava/lang/Object;Ljava/lang/Object;ZZ)Ljava/lang/Object; @ 203
Event: 1.435 Thread 0x0000000017818000 Uncommon trap: reason=bimorphic action=maybe_recompile pc=0x0000000002d5c2b4 method=java.util.HashMap.getNode(ILjava/lang/Object;)Ljava/util/HashMap$Node; @ 126
Event: 1.435 Thread 0x0000000017818000 Uncommon trap: reason=class_check action=maybe_recompile pc=0x0000000002e30f80 method=java.util.HashMap.putVal(ILjava/lang/Object;Ljava/lang/Object;ZZ)Ljava/lang/Object; @ 203
Event: 1.435 Thread 0x0000000017818000 Uncommon trap: reason=bimorphic action=maybe_recompile pc=0x0000000002c144ec method=java.util.HashMap.getNode(ILjava/lang/Object;)Ljava/util/HashMap$Node; @ 126
Event: 1.442 Thread 0x0000000017818000 Uncommon trap: reason=unstable_if action=reinterpret pc=0x0000000002ce8b4c method=java.util.HashMap.putVal(ILjava/lang/Object;Ljava/lang/Object;ZZ)Ljava/lang/Object; @ 162
Event: 1.445 Thread 0x0000000017818000 Uncommon trap: reason=unstable_if action=reinterpret pc=0x0000000002c14428 method=java.util.HashMap.getNode(ILjava/lang/Object;)Ljava/util/HashMap$Node; @ 129
Event: 1.459 Thread 0x0000000017818000 Uncommon trap: reason=unstable_if action=reinterpret pc=0x0000000002d5c29c method=java.util.HashMap.getNode(ILjava/lang/Object;)Ljava/util/HashMap$Node; @ 84
Event: 1.830 Thread 0x000000001782b000 Uncommon trap: reason=unstable_if action=reinterpret pc=0x0000000002e30f18 method=java.util.HashMap.putVal(ILjava/lang/Object;Ljava/lang/Object;ZZ)Ljava/lang/Object; @ 109

Internal exceptions (6 events):
Event: 0.029 Thread 0x00000000028f0800 Exception <a 'java/lang/NoSuchMethodError': Method sun.misc.Unsafe.defineClass(Ljava/lang/String;[BII)Ljava/lang/Class; name or signature does not match> (0x00000000eab12f18) thrown at [C:\re\workspace\8-2-build-windows-amd64-cygwin\jdk8u45\3627\hotspot\srK94i[«ù?
Event: 0.029 Thread 0x00000000028f0800 Exception <a 'java/lang/NoSuchMethodError': Method sun.misc.Unsafe.prefetchRead(Ljava/lang/Object;J)V name or signature does not match> (0x00000000eab131a8) thrown at [C:\re\workspace\8-2-build-windows-amd64-cygwin\jdk8u45\3627\hotspot\src\share\vm\prims\ji:‹bØ‚?
Event: 0.584 Thread 0x0000000017818000 Implicit null exception at 0x0000000002cbf1e2 to 0x0000000002cbf2d5
Event: 1.443 Thread 0x0000000017818000 Exception <a 'java/lang/ArrayIndexOutOfBoundsException': 18> (0x00000000ec9a26d0) thrown at [C:\re\workspace\8-2-build-windows-amd64-cygwin\jdk8u45\3627\hotspot\src\share\vm\interpreter\interpreterRuntime.cpp, line 366]
Event: 1.444 Thread 0x0000000017818000 Exception <a 'java/lang/ArrayIndexOutOfBoundsException': 145> (0x00000000ec9a41a0) thrown at [C:\re\workspace\8-2-build-windows-amd64-cygwin\jdk8u45\3627\hotspot\src\share\vm\interpreter\interpreterRuntime.cpp, line 366]
Event: 1.444 Thread 0x0000000017818000 Exception <a 'java/lang/ArrayIndexOutOfBoundsException'> (0x00000000ec9a53d8) thrown at [C:\re\workspace\8-2-build-windows-amd64-cygwin\jdk8u45\3627\hotspot\src\share\vm\runtime\sharedRuntime.cpp, line 605]

Events (10 events):
Event: 1.445 Thread 0x0000000017818000 DEOPT PACKING pc=0x0000000002c14428 sp=0x000000001820e530
Event: 1.445 Thread 0x0000000017818000 DEOPT UNPACKING pc=0x0000000002a3582a sp=0x000000001820e450 mode 2
Event: 1.459 Thread 0x0000000017818000 Uncommon trap: trap_request=0xffffff65 fr.pc=0x0000000002d5c29c
Event: 1.459 Thread 0x0000000017818000 DEOPT PACKING pc=0x0000000002d5c29c sp=0x000000001820e450
Event: 1.459 Thread 0x0000000017818000 DEOPT UNPACKING pc=0x0000000002a3582a sp=0x000000001820e3d8 mode 2
Event: 1.539 Executing VM operation: ParallelGCFailedAllocation
Event: 1.786 Executing VM operation: ParallelGCFailedAllocation done
Event: 1.830 Thread 0x000000001782b000 Uncommon trap: trap_request=0xffffff65 fr.pc=0x0000000002e30f18
Event: 1.830 Thread 0x000000001782b000 DEOPT PACKING pc=0x0000000002e30f18 sp=0x000000001840e380
Event: 1.830 Thread 0x000000001782b000 DEOPT UNPACKING pc=0x0000000002a3582a sp=0x000000001840e310 mode 2


Dynamic libraries:
0x00007ff659c00000 - 0x00007ff659c37000 	C:\Developer\Java\jdk1.8.0_45\bin\java.exe
0x00007fff9f710000 - 0x00007fff9f8d1000 	C:\WINDOWS\SYSTEM32\ntdll.dll
0x00007fff9eb60000 - 0x00007fff9ec0d000 	C:\WINDOWS\system32\KERNEL32.DLL
0x00007fff9c9d0000 - 0x00007fff9cbad000 	C:\WINDOWS\system32\KERNELBASE.dll
0x00007fff9f140000 - 0x00007fff9f1e6000 	C:\WINDOWS\system32\ADVAPI32.dll
0x00007fff9e690000 - 0x00007fff9e72d000 	C:\WINDOWS\system32\msvcrt.dll
0x00007fff9f6b0000 - 0x00007fff9f70b000 	C:\WINDOWS\system32\sechost.dll
0x00007fff9ee40000 - 0x00007fff9ef66000 	C:\WINDOWS\system32\RPCRT4.dll
0x00007fff9e730000 - 0x00007fff9e87e000 	C:\WINDOWS\system32\USER32.dll
0x00007fff9ef70000 - 0x00007fff9f0f6000 	C:\WINDOWS\system32\GDI32.dll
0x00007fff988c0000 - 0x00007fff98b34000 	C:\WINDOWS\WinSxS\amd64_microsoft.windows.common-controls_6595b64144ccf1df_6.0.10240.16384_none_f41f7b285750ef43\COMCTL32.dll
0x00007fff9f100000 - 0x00007fff9f136000 	C:\WINDOWS\system32\IMM32.DLL
0x00007fff9f310000 - 0x00007fff9f46c000 	C:\WINDOWS\system32\MSCTF.dll
0x0000000070980000 - 0x0000000070a52000 	C:\Developer\Java\jdk1.8.0_45\jre\bin\msvcr100.dll
0x0000000070ee0000 - 0x0000000071763000 	C:\Developer\Java\jdk1.8.0_45\jre\bin\server\jvm.dll
0x00007fff9cdf0000 - 0x00007fff9cdf8000 	C:\WINDOWS\system32\PSAPI.DLL
0x00007fff9a0f0000 - 0x00007fff9a0f9000 	C:\WINDOWS\SYSTEM32\WSOCK32.dll
0x00007fff99f30000 - 0x00007fff99f53000 	C:\WINDOWS\SYSTEM32\WINMM.dll
0x00007fff988b0000 - 0x00007fff988ba000 	C:\WINDOWS\SYSTEM32\VERSION.dll
0x00007fff9ed10000 - 0x00007fff9ed79000 	C:\WINDOWS\system32\WS2_32.dll
0x00007fff9ee30000 - 0x00007fff9ee38000 	C:\WINDOWS\system32\NSI.dll
0x00007fff99ee0000 - 0x00007fff99f0c000 	C:\WINDOWS\SYSTEM32\WINMMBASE.dll
0x00007fff9c980000 - 0x00007fff9c9c4000 	C:\WINDOWS\system32\cfgmgr32.dll
0x00007fff9aab0000 - 0x00007fff9aad7000 	C:\WINDOWS\SYSTEM32\DEVOBJ.dll
0x0000000070df0000 - 0x0000000070dff000 	C:\Developer\Java\jdk1.8.0_45\jre\bin\verify.dll
0x0000000070dc0000 - 0x0000000070de9000 	C:\Developer\Java\jdk1.8.0_45\jre\bin\java.dll
0x0000000070da0000 - 0x0000000070db6000 	C:\Developer\Java\jdk1.8.0_45\jre\bin\zip.dll
0x00007fff9d160000 - 0x00007fff9e682000 	C:\WINDOWS\system32\SHELL32.dll
0x00007fff9c1e0000 - 0x00007fff9c808000 	C:\WINDOWS\system32\windows.storage.dll
0x00007fff9e880000 - 0x00007fff9eafc000 	C:\WINDOWS\system32\combase.dll
0x00007fff9eb00000 - 0x00007fff9eb51000 	C:\WINDOWS\system32\shlwapi.dll
0x00007fff9c1b0000 - 0x00007fff9c1bf000 	C:\WINDOWS\system32\kernel.appcore.dll
0x00007fff9c8c0000 - 0x00007fff9c973000 	C:\WINDOWS\system32\shcore.dll
0x00007fff9c160000 - 0x00007fff9c1aa000 	C:\WINDOWS\system32\powrprof.dll
0x00007fff9c140000 - 0x00007fff9c153000 	C:\WINDOWS\system32\profapi.dll
0x00007fff8b7f0000 - 0x00007fff8b97a000 	C:\WINDOWS\SYSTEM32\dbghelp.dll

VM Arguments:
jvm_args: -Xmx1024M -Dfile.encoding=GBK -Duser.country=CN -Duser.language=zh -Duser.variant 
java_command: com.android.dx.command.Main --dex --num-threads=4 --output C:\Developer\Android\WorkSpace\Englishwordtest\app\build\intermediates\pre-dexed\debug\classes-f588bf43910893255c7b82f2b946d4d1c106b5a6.jar C:\Developer\Android\WorkSpace\Englishwordtest\app\build\intermediates\exploded-aar\com.android.support\appcompat-v7\23.0.1\jars\classes.jar
java_class_path (initial): C:\Developer\Android\sdk\build-tools\23.0.1\lib\dx.jar
Launcher Type: SUN_STANDARD

Environment Variables:
JAVA_HOME=C:\Developer\Java\jdk1.8.0_45
CLASSPATH=.;C:\Developer\Java\jdk1.8.0_45\lib;C:\Developer\Java\jdk1.8.0_45\lib\tools.jar
PATH=C:\Developer\Android\git\Git\cmd;C:\ProgramData\Oracle\Java\javapath;C:\WINDOWS\system32;C:\WINDOWS;C:\WINDOWS\System32\Wbem;C:\WINDOWS\System32\WindowsPowerShell\v1.0\;C:\Developer\Java\jdk1.8.0_45\bin;C:\Developer\Java\jdk1.8.0_45\jre\bin;C:\Software\MatLab\bin;C:\Software\MatLab\bin\win64
USERNAME=xwysun
OS=Windows_NT
PROCESSOR_IDENTIFIER=Intel64 Family 6 Model 60 Stepping 3, GenuineIntel



---------------  S Y S T E M  ---------------

OS: Windows 10.0 , 64 bit Build 10240 (10.0.10240.16384)

CPU:total 8 (4 cores per cpu, 2 threads per core) family 6 model 60 stepping 3, cmov, cx8, fxsr, mmx, sse, sse2, sse3, ssse3, sse4.1, sse4.2, popcnt, avx, avx2, aes, clmul, erms, lzcnt, ht, tsc, tscinvbit, bmi1, bmi2

Memory: 4k page, physical 8308888k(2410212k free), swap 8308888k(174524k free)

vm_info: Java HotSpot(TM) 64-Bit Server VM (25.45-b02) for windows-amd64 JRE (1.8.0_45-b15), built on Apr 30 2015 12:40:44 by "java_re" with MS VC++ 10.0 (VS2010)

time: Sun Oct 25 20:10:34 2015
elapsed time: 1 seconds (0d 0h 0m 1s)

