#
# There is insufficient memory for the Java Runtime Environment to continue.
# Native memory allocation (malloc) failed to allocate 1726976 bytes for Chunk::new
# Possible reasons:
#   The system is out of physical RAM or swap space
#   In 32 bit mode, the process size limit was hit
# Possible solutions:
#   Reduce memory load on the system
#   Increase physical memory or swap space
#   Check if swap backing store is full
#   Use 64 bit Java on a 64 bit OS
#   Decrease Java heap size (-Xmx/-Xms)
#   Decrease number of Java threads
#   Decrease Java thread stack sizes (-Xss)
#   Set larger code cache with -XX:ReservedCodeCacheSize=
# This output file may be truncated or incomplete.
#
#  Out of Memory Error (allocation.cpp:390), pid=7484, tid=8056
#
# JRE version: Java(TM) SE Runtime Environment (8.0_45-b15) (build 1.8.0_45-b15)
# Java VM: Java HotSpot(TM) 64-Bit Server VM (25.45-b02 mixed mode windows-amd64 compressed oops)
# Failed to write core dump. Minidumps are not enabled by default on client versions of Windows
#

---------------  T H R E A D  ---------------

Current thread (0x0000000017e28000):  JavaThread "C2 CompilerThread1" daemon [_thread_in_native, id=8056, stack(0x00000000184a0000,0x00000000185a0000)]

Stack: [0x00000000184a0000,0x00000000185a0000]
Native frames: (J=compiled Java code, j=interpreted, Vv=VM code, C=native code)
V  [jvm.dll+0x32b57a]
V  [jvm.dll+0x279873]
V  [jvm.dll+0x27a509]
V  [jvm.dll+0x271825]
V  [jvm.dll+0xcb9e2]
V  [jvm.dll+0xcbeac]
V  [jvm.dll+0x476ef2]
V  [jvm.dll+0x4b955f]
V  [jvm.dll+0x46bf81]
V  [jvm.dll+0x46ccbe]
V  [jvm.dll+0x4500f2]
V  [jvm.dll+0xa4352]
V  [jvm.dll+0xa4c8f]
V  [jvm.dll+0x241984]
V  [jvm.dll+0x29853a]
C  [msvcr100.dll+0x21d9f]
C  [msvcr100.dll+0x21e3b]
C  [KERNEL32.DLL+0x12d92]
C  [ntdll.dll+0x9f64]


Current CompileTask:
C2:   4383 1320       4       com.android.dx.dex.code.OutputFinisher::addConstants (93 bytes)


---------------  P R O C E S S  ---------------

Java Threads: ( => current thread )
  0x0000000017eab000 JavaThread "Service Thread" daemon [_thread_blocked, id=11492, stack(0x00000000187a0000,0x00000000188a0000)]
  0x0000000017e87000 JavaThread "C1 CompilerThread3" daemon [_thread_blocked, id=12164, stack(0x00000000186a0000,0x00000000187a0000)]
  0x0000000017e7b000 JavaThread "C2 CompilerThread2" daemon [_thread_blocked, id=7012, stack(0x00000000185a0000,0x00000000186a0000)]
=>0x0000000017e28000 JavaThread "C2 CompilerThread1" daemon [_thread_in_native, id=8056, stack(0x00000000184a0000,0x00000000185a0000)]
  0x0000000017e24000 JavaThread "C2 CompilerThread0" daemon [_thread_blocked, id=11604, stack(0x00000000183a0000,0x00000000184a0000)]
  0x0000000017e22800 JavaThread "Attach Listener" daemon [_thread_blocked, id=10720, stack(0x00000000182a0000,0x00000000183a0000)]
  0x0000000015dde800 JavaThread "Signal Dispatcher" daemon [_thread_blocked, id=8144, stack(0x00000000181a0000,0x00000000182a0000)]
  0x00000000032a3000 JavaThread "Finalizer" daemon [_thread_blocked, id=8648, stack(0x0000000017ca0000,0x0000000017da0000)]
  0x0000000015dcd800 JavaThread "Reference Handler" daemon [_thread_blocked, id=2360, stack(0x0000000017ba0000,0x0000000017ca0000)]
  0x00000000031b0800 JavaThread "main" [_thread_in_Java, id=10148, stack(0x0000000002d20000,0x0000000002e20000)]

Other Threads:
  0x0000000015dc9000 VMThread [stack: 0x0000000017aa0000,0x0000000017ba0000] [id=11168]
  0x0000000017eac000 WatcherThread [stack: 0x00000000188a0000,0x00000000189a0000] [id=5400]

VM state:not at safepoint (normal execution)

VM Mutex/Monitor currently owned by a thread: None

Heap:
 PSYoungGen      total 38400K, used 13616K [0x00000000eab00000, 0x00000000ed580000, 0x0000000100000000)
  eden space 33280K, 25% used [0x00000000eab00000,0x00000000eb3528d8,0x00000000ecb80000)
  from space 5120K, 99% used [0x00000000ecb80000,0x00000000ed079a10,0x00000000ed080000)
  to   space 5120K, 0% used [0x00000000ed080000,0x00000000ed080000,0x00000000ed580000)
 ParOldGen       total 87552K, used 1448K [0x00000000c0000000, 0x00000000c5580000, 0x00000000eab00000)
  object space 87552K, 1% used [0x00000000c0000000,0x00000000c016a060,0x00000000c5580000)
 Metaspace       used 5947K, capacity 6960K, committed 7040K, reserved 1056768K
  class space    used 590K, capacity 616K, committed 640K, reserved 1048576K

Card table byte_map: [0x0000000012670000,0x0000000012880000] byte_map_base: 0x0000000012070000

Marking Bits: (ParMarkBitMap*) 0x00000000716e4040
 Begin Bits: [0x00000000131e0000, 0x00000000141e0000)
 End Bits:   [0x00000000141e0000, 0x00000000151e0000)

Polling page: 0x0000000001570000

CodeCache: size=245760Kb used=5070Kb max_used=5108Kb free=240689Kb
 bounds [0x00000000032b0000, 0x00000000037c0000, 0x00000000122b0000]
 total_blobs=1588 nmethods=1317 adapters=184
 compilation: enabled

Compilation events (10 events):
Event: 4.170 Thread 0x0000000017e87000 nmethod 1339 0x000000000378d2d0 code [0x000000000378d4e0, 0x000000000378df58]
Event: 4.177 Thread 0x0000000017e7b000 nmethod 1321 0x0000000003792090 code [0x0000000003792260, 0x0000000003793218]
Event: 4.177 Thread 0x0000000017e7b000 1328       4       java.util.HashMap::getNode (148 bytes)
Event: 4.180 Thread 0x0000000017e7b000 nmethod 1328 0x000000000378ecd0 code [0x000000000378ee20, 0x000000000378f058]
Event: 4.180 Thread 0x0000000017e7b000 1322       4       com.android.dx.dex.code.OutputFinisher::addConstants (68 bytes)
Event: 4.296 Thread 0x0000000017e7b000 nmethod 1322 0x0000000003796950 code [0x0000000003796b40, 0x0000000003797c50]
Event: 4.296 Thread 0x0000000017e7b000 1338       4       java.util.HashMap::put (13 bytes)
Event: 4.298 Thread 0x0000000017e7b000 nmethod 1338 0x000000000378e950 code [0x000000000378eaa0, 0x000000000378ebc8]
Event: 4.298 Thread 0x0000000017e7b000 1327   !   4       com.android.dx.rop.cst.CstType::intern (48 bytes)
Event: 4.316 Thread 0x0000000017e7b000 nmethod 1327 0x00000000037940d0 code [0x0000000003794280, 0x0000000003794ca8]

GC Heap History (2 events):
Event: 3.474 GC heap before
{Heap before GC invocations=1 (full 0):
 PSYoungGen      total 38400K, used 33280K [0x00000000eab00000, 0x00000000ed580000, 0x0000000100000000)
  eden space 33280K, 100% used [0x00000000eab00000,0x00000000ecb80000,0x00000000ecb80000)
  from space 5120K, 0% used [0x00000000ed080000,0x00000000ed080000,0x00000000ed580000)
  to   space 5120K, 0% used [0x00000000ecb80000,0x00000000ecb80000,0x00000000ed080000)
 ParOldGen       total 87552K, used 0K [0x00000000c0000000, 0x00000000c5580000, 0x00000000eab00000)
  object space 87552K, 0% used [0x00000000c0000000,0x00000000c0000000,0x00000000c5580000)
 Metaspace       used 5806K, capacity 6832K, committed 7040K, reserved 1056768K
  class space    used 584K, capacity 616K, committed 640K, reserved 1048576K
Event: 3.784 GC heap after
Heap after GC invocations=1 (full 0):
 PSYoungGen      total 38400K, used 5094K [0x00000000eab00000, 0x00000000ed580000, 0x0000000100000000)
  eden space 33280K, 0% used [0x00000000eab00000,0x00000000eab00000,0x00000000ecb80000)
  from space 5120K, 99% used [0x00000000ecb80000,0x00000000ed079a10,0x00000000ed080000)
  to   space 5120K, 0% used [0x00000000ed080000,0x00000000ed080000,0x00000000ed580000)
 ParOldGen       total 87552K, used 1448K [0x00000000c0000000, 0x00000000c5580000, 0x00000000eab00000)
  object space 87552K, 1% used [0x00000000c0000000,0x00000000c016a060,0x00000000c5580000)
 Metaspace       used 5806K, capacity 6832K, committed 7040K, reserved 1056768K
  class space    used 584K, capacity 616K, committed 640K, reserved 1048576K
}

Deoptimization events (10 events):
Event: 4.090 Thread 0x00000000031b0800 Uncommon trap: reason=class_check action=maybe_recompile pc=0x00000000036b0748 method=java.util.Arrays.hashCode([Ljava/lang/Object;)I @ 43
Event: 4.091 Thread 0x00000000031b0800 Uncommon trap: reason=class_check action=maybe_recompile pc=0x00000000036b0748 method=java.util.Arrays.hashCode([Ljava/lang/Object;)I @ 43
Event: 4.091 Thread 0x00000000031b0800 Uncommon trap: reason=class_check action=maybe_recompile pc=0x00000000036b0748 method=java.util.Arrays.hashCode([Ljava/lang/Object;)I @ 43
Event: 4.091 Thread 0x00000000031b0800 Uncommon trap: reason=class_check action=maybe_recompile pc=0x00000000036aa074 method=java.util.Arrays.hashCode([Ljava/lang/Object;)I @ 43
Event: 4.118 Thread 0x00000000031b0800 Uncommon trap: reason=bimorphic action=maybe_recompile pc=0x000000000350ffdc method=java.util.HashMap.getNode(ILjava/lang/Object;)Ljava/util/HashMap$Node; @ 126
Event: 4.118 Thread 0x00000000031b0800 Uncommon trap: reason=bimorphic action=maybe_recompile pc=0x000000000350ffdc method=java.util.HashMap.getNode(ILjava/lang/Object;)Ljava/util/HashMap$Node; @ 126
Event: 4.119 Thread 0x00000000031b0800 Uncommon trap: reason=bimorphic action=maybe_recompile pc=0x000000000350ffdc method=java.util.HashMap.getNode(ILjava/lang/Object;)Ljava/util/HashMap$Node; @ 126
Event: 4.119 Thread 0x00000000031b0800 Uncommon trap: reason=bimorphic action=maybe_recompile pc=0x000000000350ffdc method=java.util.HashMap.getNode(ILjava/lang/Object;)Ljava/util/HashMap$Node; @ 126
Event: 4.119 Thread 0x00000000031b0800 Uncommon trap: reason=bimorphic action=maybe_recompile pc=0x000000000354c818 method=java.util.HashMap.getNode(ILjava/lang/Object;)Ljava/util/HashMap$Node; @ 126
Event: 4.128 Thread 0x00000000031b0800 Uncommon trap: reason=unstable_if action=reinterpret pc=0x00000000036b3fcc method=java.util.HashMap.putVal(ILjava/lang/Object;Ljava/lang/Object;ZZ)Ljava/lang/Object; @ 94

Internal exceptions (4 events):
Event: 0.056 Thread 0x00000000031b0800 Exception <a 'java/lang/NoSuchMethodError': Method sun.misc.Unsafe.defineClass(Ljava/lang/String;[BII)Ljava/lang/Class; name or signature does not match> (0x00000000eab12f18) thrown at [C:\re\workspace\8-2-build-windows-amd64-cygwin\jdk8u45\3627\hotspot\sr{y¶=³Ú¬?
Event: 0.056 Thread 0x00000000031b0800 Exception <a 'java/lang/NoSuchMethodError': Method sun.misc.Unsafe.prefetchRead(Ljava/lang/Object;J)V name or signature does not match> (0x00000000eab131a8) thrown at [C:\re\workspace\8-2-build-windows-amd64-cygwin\jdk8u45\3627\hotspot\src\share\vm\prims\jdsp(@
Event: 3.895 Thread 0x0000000017fa0800 Implicit null exception at 0x00000000036cbf76 to 0x00000000036cf3f1
Event: 3.895 Thread 0x0000000017fa0800 Implicit null exception at 0x00000000036c0bb5 to 0x00000000036c3f95

Events (10 events):
Event: 4.119 Thread 0x00000000031b0800 Uncommon trap: trap_request=0xffffffc6 fr.pc=0x000000000354c818
Event: 4.119 Thread 0x00000000031b0800 DEOPT PACKING pc=0x000000000354c818 sp=0x0000000002e1ef50
Event: 4.119 Thread 0x00000000031b0800 DEOPT UNPACKING pc=0x00000000032f582a sp=0x0000000002e1eee8 mode 2
Event: 4.127 loading class com/android/dx/dex/file/CatchStructs
Event: 4.127 loading class com/android/dx/dex/file/CatchStructs done
Event: 4.128 Thread 0x00000000031b0800 Uncommon trap: trap_request=0xffffff65 fr.pc=0x00000000036b3fcc
Event: 4.128 Thread 0x00000000031b0800 DEOPT PACKING pc=0x00000000036b3fcc sp=0x0000000002e1ed90
Event: 4.128 Thread 0x00000000031b0800 DEOPT UNPACKING pc=0x00000000032f582a sp=0x0000000002e1ed20 mode 2
Event: 4.201 Executing VM operation: EnableBiasedLocking
Event: 4.269 Executing VM operation: EnableBiasedLocking done


Dynamic libraries:
0x00007ff659c00000 - 0x00007ff659c37000 	C:\Developer\Java\jdk1.8.0_45\bin\java.exe
0x00007fff9f710000 - 0x00007fff9f8d1000 	C:\WINDOWS\SYSTEM32\ntdll.dll
0x00007fff9eb60000 - 0x00007fff9ec0d000 	C:\WINDOWS\system32\KERNEL32.DLL
0x00007fff9c9d0000 - 0x00007fff9cbad000 	C:\WINDOWS\system32\KERNELBASE.dll
0x00007fff9f140000 - 0x00007fff9f1e6000 	C:\WINDOWS\system32\ADVAPI32.dll
0x00007fff9e690000 - 0x00007fff9e72d000 	C:\WINDOWS\system32\msvcrt.dll
0x00007fff9f6b0000 - 0x00007fff9f70b000 	C:\WINDOWS\system32\sechost.dll
0x00007fff9ee40000 - 0x00007fff9ef66000 	C:\WINDOWS\system32\RPCRT4.dll
0x00007fff9e730000 - 0x00007fff9e87e000 	C:\WINDOWS\system32\USER32.dll
0x00007fff9ef70000 - 0x00007fff9f0f6000 	C:\WINDOWS\system32\GDI32.dll
0x00007fff988c0000 - 0x00007fff98b34000 	C:\WINDOWS\WinSxS\amd64_microsoft.windows.common-controls_6595b64144ccf1df_6.0.10240.16384_none_f41f7b285750ef43\COMCTL32.dll
0x00007fff9f100000 - 0x00007fff9f136000 	C:\WINDOWS\system32\IMM32.DLL
0x00007fff9f310000 - 0x00007fff9f46c000 	C:\WINDOWS\system32\MSCTF.dll
0x0000000070980000 - 0x0000000070a52000 	C:\Developer\Java\jdk1.8.0_45\jre\bin\msvcr100.dll
0x0000000070ee0000 - 0x0000000071763000 	C:\Developer\Java\jdk1.8.0_45\jre\bin\server\jvm.dll
0x00007fff9cdf0000 - 0x00007fff9cdf8000 	C:\WINDOWS\system32\PSAPI.DLL
0x00007fff99f30000 - 0x00007fff99f53000 	C:\WINDOWS\SYSTEM32\WINMM.dll
0x00007fff9a0f0000 - 0x00007fff9a0f9000 	C:\WINDOWS\SYSTEM32\WSOCK32.dll
0x00007fff988b0000 - 0x00007fff988ba000 	C:\WINDOWS\SYSTEM32\VERSION.dll
0x00007fff99ee0000 - 0x00007fff99f0c000 	C:\WINDOWS\SYSTEM32\WINMMBASE.dll
0x00007fff9ed10000 - 0x00007fff9ed79000 	C:\WINDOWS\system32\WS2_32.dll
0x00007fff9ee30000 - 0x00007fff9ee38000 	C:\WINDOWS\system32\NSI.dll
0x00007fff9c980000 - 0x00007fff9c9c4000 	C:\WINDOWS\system32\cfgmgr32.dll
0x00007fff9aab0000 - 0x00007fff9aad7000 	C:\WINDOWS\SYSTEM32\DEVOBJ.dll
0x0000000070df0000 - 0x0000000070dff000 	C:\Developer\Java\jdk1.8.0_45\jre\bin\verify.dll
0x0000000070dc0000 - 0x0000000070de9000 	C:\Developer\Java\jdk1.8.0_45\jre\bin\java.dll
0x0000000070da0000 - 0x0000000070db6000 	C:\Developer\Java\jdk1.8.0_45\jre\bin\zip.dll
0x00007fff9d160000 - 0x00007fff9e682000 	C:\WINDOWS\system32\SHELL32.dll
0x00007fff9c1e0000 - 0x00007fff9c808000 	C:\WINDOWS\system32\windows.storage.dll
0x00007fff9e880000 - 0x00007fff9eafc000 	C:\WINDOWS\system32\combase.dll
0x00007fff9eb00000 - 0x00007fff9eb51000 	C:\WINDOWS\system32\shlwapi.dll
0x00007fff9c1b0000 - 0x00007fff9c1bf000 	C:\WINDOWS\system32\kernel.appcore.dll
0x00007fff9c8c0000 - 0x00007fff9c973000 	C:\WINDOWS\system32\shcore.dll
0x00007fff9c160000 - 0x00007fff9c1aa000 	C:\WINDOWS\system32\powrprof.dll
0x00007fff9c140000 - 0x00007fff9c153000 	C:\WINDOWS\system32\profapi.dll
0x00007fff8b7f0000 - 0x00007fff8b97a000 	C:\WINDOWS\SYSTEM32\dbghelp.dll

VM Arguments:
jvm_args: -Xmx1024M -Dfile.encoding=GBK -Duser.country=CN -Duser.language=zh -Duser.variant 
java_command: com.android.dx.command.Main --dex --num-threads=4 --output C:\Developer\Android\WorkSpace\Englishwordtest\app\build\intermediates\pre-dexed\debug\butterknife-7.0.1-d0f9f99f8b9924fc96e88a56eb4a262100ee2ad0.jar C:\Users\xwysu\.gradle\caches\modules-2\files-2.1\com.jakewharton\butterknife\7.0.1\d5d13ea991eab0252e3710e5df3d6a9d4b21d461\butterknife-7.0.1.jar
java_class_path (initial): C:\Developer\Android\sdk\build-tools\23.0.1\lib\dx.jar
Launcher Type: SUN_STANDARD

Environment Variables:
JAVA_HOME=C:\Developer\Java\jdk1.8.0_45
CLASSPATH=.;C:\Developer\Java\jdk1.8.0_45\lib;C:\Developer\Java\jdk1.8.0_45\lib\tools.jar
PATH=C:\Developer\Android\git\Git\cmd;C:\ProgramData\Oracle\Java\javapath;C:\WINDOWS\system32;C:\WINDOWS;C:\WINDOWS\System32\Wbem;C:\WINDOWS\System32\WindowsPowerShell\v1.0\;C:\Developer\Java\jdk1.8.0_45\bin;C:\Developer\Java\jdk1.8.0_45\jre\bin;C:\Software\MatLab\bin;C:\Software\MatLab\bin\win64
USERNAME=xwysun
OS=Windows_NT
PROCESSOR_IDENTIFIER=Intel64 Family 6 Model 60 Stepping 3, GenuineIntel



---------------  S Y S T E M  ---------------

OS: Windows 10.0 , 64 bit Build 10240 (10.0.10240.16384)

CPU:total 8 (4 cores per cpu, 2 threads per core) family 6 model 60 stepping 3, cmov, cx8, fxsr, mmx, sse, sse2, sse3, ssse3, sse4.1, sse4.2, popcnt, avx, avx2, aes, clmul, erms, lzcnt, ht, tsc, tscinvbit, bmi1, bmi2

Memory: 4k page, physical 8308888k(2468896k free), swap 8308888k(10000k free)

vm_info: Java HotSpot(TM) 64-Bit Server VM (25.45-b02) for windows-amd64 JRE (1.8.0_45-b15), built on Apr 30 2015 12:40:44 by "java_re" with MS VC++ 10.0 (VS2010)

time: Sun Oct 25 20:10:55 2015
elapsed time: 4 seconds (0d 0h 0m 4s)

