#
# There is insufficient memory for the Java Runtime Environment to continue.
# Native memory allocation (malloc) failed to allocate 233088 bytes for Chunk::new
# Possible reasons:
#   The system is out of physical RAM or swap space
#   In 32 bit mode, the process size limit was hit
# Possible solutions:
#   Reduce memory load on the system
#   Increase physical memory or swap space
#   Check if swap backing store is full
#   Use 64 bit Java on a 64 bit OS
#   Decrease Java heap size (-Xmx/-Xms)
#   Decrease number of Java threads
#   Decrease Java thread stack sizes (-Xss)
#   Set larger code cache with -XX:ReservedCodeCacheSize=
# This output file may be truncated or incomplete.
#
#  Out of Memory Error (allocation.cpp:390), pid=3428, tid=10112
#
# JRE version: Java(TM) SE Runtime Environment (8.0_45-b15) (build 1.8.0_45-b15)
# Java VM: Java HotSpot(TM) 64-Bit Server VM (25.45-b02 mixed mode windows-amd64 compressed oops)
# Failed to write core dump. Minidumps are not enabled by default on client versions of Windows
#

---------------  T H R E A D  ---------------

Current thread (0x000000001701c000):  JavaThread "C2 CompilerThread2" daemon [_thread_in_native, id=10112, stack(0x0000000017790000,0x0000000017890000)]

Stack: [0x0000000017790000,0x0000000017890000]
Native frames: (J=compiled Java code, j=interpreted, Vv=VM code, C=native code)
V  [jvm.dll+0x32b57a]


Current CompileTask:
C2:   1815 1502       4       com.android.dx.ssa.SCCP::simulateBlock (54 bytes)


---------------  P R O C E S S  ---------------

Java Threads: ( => current thread )
  0x00000000172b8000 JavaThread "pool-1-thread-4" [_thread_blocked, id=9408, stack(0x0000000017f90000,0x0000000018090000)]
  0x00000000172be000 JavaThread "pool-1-thread-3" [_thread_in_vm, id=5000, stack(0x0000000017e90000,0x0000000017f90000)]
  0x00000000172a1000 JavaThread "pool-1-thread-2" [_thread_in_Java, id=4240, stack(0x0000000017d90000,0x0000000017e90000)]
  0x000000001729e800 JavaThread "pool-2-thread-1" [_thread_blocked, id=8028, stack(0x0000000017c90000,0x0000000017d90000)]
  0x000000001729a000 JavaThread "pool-1-thread-1" [_thread_in_Java, id=8364, stack(0x0000000017b90000,0x0000000017c90000)]
  0x00000000170bb800 JavaThread "Service Thread" daemon [_thread_blocked, id=2380, stack(0x0000000017990000,0x0000000017a90000)]
  0x000000001702e800 JavaThread "C1 CompilerThread3" daemon [_thread_in_vm, id=5272, stack(0x0000000017890000,0x0000000017990000)]
=>0x000000001701c000 JavaThread "C2 CompilerThread2" daemon [_thread_in_native, id=10112, stack(0x0000000017790000,0x0000000017890000)]
  0x000000001701b000 JavaThread "C2 CompilerThread1" daemon [_thread_in_native, id=9704, stack(0x0000000017690000,0x0000000017790000)]
  0x0000000017017000 JavaThread "C2 CompilerThread0" daemon [_thread_in_native, id=7432, stack(0x0000000017590000,0x0000000017690000)]
  0x0000000017011000 JavaThread "Attach Listener" daemon [_thread_blocked, id=5448, stack(0x0000000017490000,0x0000000017590000)]
  0x0000000016fc7800 JavaThread "Signal Dispatcher" daemon [_thread_blocked, id=2940, stack(0x0000000017390000,0x0000000017490000)]
  0x0000000002479000 JavaThread "Finalizer" daemon [_thread_blocked, id=6880, stack(0x0000000016e90000,0x0000000016f90000)]
  0x0000000014fbd800 JavaThread "Reference Handler" daemon [_thread_blocked, id=1672, stack(0x0000000016d90000,0x0000000016e90000)]
  0x0000000002380800 JavaThread "main" [_thread_blocked, id=10072, stack(0x0000000002280000,0x0000000002380000)]

Other Threads:
  0x0000000014fb9000 VMThread [stack: 0x0000000016c90000,0x0000000016d90000] [id=7204]
  0x00000000170cc800 WatcherThread [stack: 0x0000000017a90000,0x0000000017b90000] [id=3920]

VM state:not at safepoint (normal execution)

VM Mutex/Monitor currently owned by a thread: None

Heap:
 PSYoungGen      total 38400K, used 36684K [0x00000000eab00000, 0x00000000ef600000, 0x0000000100000000)
  eden space 33280K, 94% used [0x00000000eab00000,0x00000000ec9d6218,0x00000000ecb80000)
  from space 5120K, 99% used [0x00000000ecb80000,0x00000000ed07d160,0x00000000ed080000)
  to   space 5120K, 0% used [0x00000000ef100000,0x00000000ef100000,0x00000000ef600000)
 ParOldGen       total 87552K, used 2064K [0x00000000c0000000, 0x00000000c5580000, 0x00000000eab00000)
  object space 87552K, 2% used [0x00000000c0000000,0x00000000c0204228,0x00000000c5580000)
 Metaspace       used 6156K, capacity 7094K, committed 7296K, reserved 1056768K
  class space    used 607K, capacity 622K, committed 640K, reserved 1048576K

Card table byte_map: [0x0000000011840000,0x0000000011a50000] byte_map_base: 0x0000000011240000

Marking Bits: (ParMarkBitMap*) 0x0000000070fe4040
 Begin Bits: [0x00000000123b0000, 0x00000000133b0000)
 End Bits:   [0x00000000133b0000, 0x00000000143b0000)

Polling page: 0x0000000000350000

CodeCache: size=245760Kb used=6452Kb max_used=6452Kb free=239307Kb
 bounds [0x0000000002480000, 0x0000000002ae0000, 0x0000000011480000]
 total_blobs=1771 nmethods=1500 adapters=184
 compilation: enabled

Compilation events (10 events):
Event: 1.690 Thread 0x0000000017017000 1431       4       com.android.dx.rop.code.ThrowingCstInsn::accept (8 bytes)
Event: 1.691 Thread 0x0000000017017000 nmethod 1431 0x000000000298b910 code [0x000000000298ba40, 0x000000000298bab8]
Event: 1.691 Thread 0x0000000017017000 1491       4       com.android.dx.rop.code.Insn::hashCode (5 bytes)
Event: 1.692 Thread 0x0000000017017000 nmethod 1491 0x000000000296a010 code [0x000000000296a160, 0x000000000296a208]
Event: 1.692 Thread 0x0000000017017000 1492       4       com.android.dx.ssa.SsaRenamer$BlockRenamer$RenamingMapper::map (28 bytes)
Event: 1.745 Thread 0x0000000017017000 nmethod 1492 0x0000000002ace550 code [0x0000000002ace800, 0x0000000002acfc80]
Event: 1.745 Thread 0x0000000017017000 1362       4       com.android.dx.rop.type.Type::isCategory2 (36 bytes)
Event: 1.745 Thread 0x0000000017017000 nmethod 1362 0x000000000287c5d0 code [0x000000000287c700, 0x000000000287c778]
Event: 1.811 Thread 0x0000000017017000 1510       4       com.android.dx.ssa.LocalVariableInfo::mergeStarts (59 bytes)
Event: 1.812 Thread 0x000000001702e800 1511       3       com.android.dx.ssa.SCCP::simulateBranch (666 bytes)

GC Heap History (2 events):
Event: 1.065 GC heap before
{Heap before GC invocations=1 (full 0):
 PSYoungGen      total 38400K, used 33280K [0x00000000eab00000, 0x00000000ed580000, 0x0000000100000000)
  eden space 33280K, 100% used [0x00000000eab00000,0x00000000ecb80000,0x00000000ecb80000)
  from space 5120K, 0% used [0x00000000ed080000,0x00000000ed080000,0x00000000ed580000)
  to   space 5120K, 0% used [0x00000000ecb80000,0x00000000ecb80000,0x00000000ed080000)
 ParOldGen       total 87552K, used 0K [0x00000000c0000000, 0x00000000c5580000, 0x00000000eab00000)
  object space 87552K, 0% used [0x00000000c0000000,0x00000000c0000000,0x00000000c5580000)
 Metaspace       used 5925K, capacity 6960K, committed 7040K, reserved 1056768K
  class space    used 586K, capacity 616K, committed 640K, reserved 1048576K
Event: 1.263 GC heap after
Heap after GC invocations=1 (full 0):
 PSYoungGen      total 38400K, used 5108K [0x00000000eab00000, 0x00000000ef600000, 0x0000000100000000)
  eden space 33280K, 0% used [0x00000000eab00000,0x00000000eab00000,0x00000000ecb80000)
  from space 5120K, 99% used [0x00000000ecb80000,0x00000000ed07d160,0x00000000ed080000)
  to   space 5120K, 0% used [0x00000000ef100000,0x00000000ef100000,0x00000000ef600000)
 ParOldGen       total 87552K, used 2064K [0x00000000c0000000, 0x00000000c5580000, 0x00000000eab00000)
  object space 87552K, 2% used [0x00000000c0000000,0x00000000c0204228,0x00000000c5580000)
 Metaspace       used 5925K, capacity 6960K, committed 7040K, reserved 1056768K
  class space    used 586K, capacity 616K, committed 640K, reserved 1048576K
}

Deoptimization events (10 events):
Event: 1.378 Thread 0x00000000172a1000 Uncommon trap: reason=bimorphic action=maybe_recompile pc=0x0000000002797ce4 method=java.util.HashMap.getNode(ILjava/lang/Object;)Ljava/util/HashMap$Node; @ 126
Event: 1.378 Thread 0x00000000172a1000 Uncommon trap: reason=class_check action=maybe_recompile pc=0x00000000027cd594 method=java.util.HashMap.putVal(ILjava/lang/Object;Ljava/lang/Object;ZZ)Ljava/lang/Object; @ 203
Event: 1.378 Thread 0x00000000172a1000 Uncommon trap: reason=bimorphic action=maybe_recompile pc=0x00000000026a079c method=java.util.HashMap.getNode(ILjava/lang/Object;)Ljava/util/HashMap$Node; @ 126
Event: 1.546 Thread 0x00000000172b8000 Uncommon trap: reason=class_check action=maybe_recompile pc=0x0000000002a4b58c method=com.android.dx.cf.code.BytecodeArray.parseInstruction(ILcom/android/dx/cf/code/BytecodeArray$Visitor;)I @ 2002
Event: 1.607 Thread 0x000000001729a000 Uncommon trap: reason=unstable_if action=reinterpret pc=0x0000000002798f10 method=java.util.HashMap.putVal(ILjava/lang/Object;Ljava/lang/Object;ZZ)Ljava/lang/Object; @ 162
Event: 1.611 Thread 0x000000001729a000 Uncommon trap: reason=unstable_if action=reinterpret pc=0x00000000026a0784 method=java.util.HashMap.getNode(ILjava/lang/Object;)Ljava/util/HashMap$Node; @ 84
Event: 1.617 Thread 0x000000001729a000 Uncommon trap: reason=bimorphic action=maybe_recompile pc=0x0000000002797ce4 method=java.util.HashMap.getNode(ILjava/lang/Object;)Ljava/util/HashMap$Node; @ 126
Event: 1.629 Thread 0x000000001729a000 Uncommon trap: reason=unstable_if action=reinterpret pc=0x00000000029fdaec method=com.android.dx.ssa.SCCP.simulateBranch(Lcom/android/dx/ssa/SsaInsn;)V @ 64
Event: 1.631 Thread 0x000000001729a000 Uncommon trap: reason=unstable_if action=reinterpret pc=0x0000000002a97588 method=com.android.dx.ssa.LiteralOpUpgrader$1.visitNonMoveInsn(Lcom/android/dx/ssa/NormalSsaInsn;)V @ 55
Event: 1.632 Thread 0x000000001729a000 Uncommon trap: reason=unstable_if action=reinterpret pc=0x00000000027fea9c method=com.android.dx.ssa.SsaMethod.updateOneDefinition(Lcom/android/dx/ssa/SsaInsn;Lcom/android/dx/rop/code/RegisterSpec;)V @ 4

Internal exceptions (6 events):
Event: 0.030 Thread 0x0000000002380800 Exception <a 'java/lang/NoSuchMethodError': Method sun.misc.Unsafe.defineClass(Ljava/lang/String;[BII)Ljava/lang/Class; name or signature does not match> (0x00000000eab12f18) thrown at [C:\re\workspace\8-2-build-windows-amd64-cygwin\jdk8u45\3627\hotspot\srS@I–,Vž?
Event: 0.030 Thread 0x0000000002380800 Exception <a 'java/lang/NoSuchMethodError': Method sun.misc.Unsafe.prefetchRead(Ljava/lang/Object;J)V name or signature does not match> (0x00000000eab131a8) thrown at [C:\re\workspace\8-2-build-windows-amd64-cygwin\jdk8u45\3627\hotspot\src\share\vm\prims\j&SŠ¹‚æ?
Event: 0.690 Thread 0x00000000172b8000 Implicit null exception at 0x0000000002775962 to 0x0000000002775a55
Event: 1.609 Thread 0x000000001729a000 Exception <a 'java/lang/ArrayIndexOutOfBoundsException': 18> (0x00000000ec7c8040) thrown at [C:\re\workspace\8-2-build-windows-amd64-cygwin\jdk8u45\3627\hotspot\src\share\vm\interpreter\interpreterRuntime.cpp, line 366]
Event: 1.609 Thread 0x000000001729a000 Exception <a 'java/lang/ArrayIndexOutOfBoundsException'> (0x00000000ec7c9b10) thrown at [C:\re\workspace\8-2-build-windows-amd64-cygwin\jdk8u45\3627\hotspot\src\share\vm\runtime\sharedRuntime.cpp, line 605]
Event: 1.610 Thread 0x000000001729a000 Exception <a 'java/lang/ArrayIndexOutOfBoundsException'> (0x00000000ec7cad48) thrown at [C:\re\workspace\8-2-build-windows-amd64-cygwin\jdk8u45\3627\hotspot\src\share\vm\runtime\sharedRuntime.cpp, line 605]

Events (10 events):
Event: 1.629 Thread 0x000000001729a000 DEOPT PACKING pc=0x00000000029fdaec sp=0x0000000017c8ea20
Event: 1.629 Thread 0x000000001729a000 DEOPT UNPACKING pc=0x00000000024c582a sp=0x0000000017c8e9f0 mode 2
Event: 1.631 Thread 0x000000001729a000 Uncommon trap: trap_request=0xffffff65 fr.pc=0x0000000002a97588
Event: 1.631 Thread 0x000000001729a000 DEOPT PACKING pc=0x0000000002a97588 sp=0x0000000017c8ebe0
Event: 1.631 Thread 0x000000001729a000 DEOPT UNPACKING pc=0x00000000024c582a sp=0x0000000017c8ebc0 mode 2
Event: 1.631 loading class com/android/dx/rop/code/RegOps
Event: 1.631 loading class com/android/dx/rop/code/RegOps done
Event: 1.632 Thread 0x000000001729a000 Uncommon trap: trap_request=0xffffff65 fr.pc=0x00000000027fea9c
Event: 1.632 Thread 0x000000001729a000 DEOPT PACKING pc=0x00000000027fea9c sp=0x0000000017c8ea20
Event: 1.632 Thread 0x000000001729a000 DEOPT UNPACKING pc=0x00000000024c582a sp=0x0000000017c8e9c8 mode 2


Dynamic libraries:
0x00007ff705100000 - 0x00007ff705137000 	C:\Developer\Java\jdk1.8.0_45\bin\java.exe
0x00007ffe0f270000 - 0x00007ffe0f431000 	C:\WINDOWS\SYSTEM32\ntdll.dll
0x00007ffe0ef20000 - 0x00007ffe0efcd000 	C:\WINDOWS\system32\KERNEL32.DLL
0x00007ffe0c760000 - 0x00007ffe0c93d000 	C:\WINDOWS\system32\KERNELBASE.dll
0x00007ffe0f1c0000 - 0x00007ffe0f266000 	C:\WINDOWS\system32\ADVAPI32.dll
0x00007ffe0efd0000 - 0x00007ffe0f06d000 	C:\WINDOWS\system32\msvcrt.dll
0x00007ffe0ceb0000 - 0x00007ffe0cf0b000 	C:\WINDOWS\system32\sechost.dll
0x00007ffe0cd80000 - 0x00007ffe0cea6000 	C:\WINDOWS\system32\RPCRT4.dll
0x00007ffe0e720000 - 0x00007ffe0e86e000 	C:\WINDOWS\system32\USER32.dll
0x00007ffe0cbe0000 - 0x00007ffe0cd66000 	C:\WINDOWS\system32\GDI32.dll
0x00007ffe07f80000 - 0x00007ffe081f4000 	C:\WINDOWS\WinSxS\amd64_microsoft.windows.common-controls_6595b64144ccf1df_6.0.10240.16384_none_f41f7b285750ef43\COMCTL32.dll
0x00007ffe0e510000 - 0x00007ffe0e546000 	C:\WINDOWS\system32\IMM32.DLL
0x00007ffe0e870000 - 0x00007ffe0e9cc000 	C:\WINDOWS\system32\MSCTF.dll
0x0000000070280000 - 0x0000000070352000 	C:\Developer\Java\jdk1.8.0_45\jre\bin\msvcr100.dll
0x00000000707e0000 - 0x0000000071063000 	C:\Developer\Java\jdk1.8.0_45\jre\bin\server\jvm.dll
0x00007ffe0cd70000 - 0x00007ffe0cd78000 	C:\WINDOWS\system32\PSAPI.DLL
0x00007ffe093c0000 - 0x00007ffe093ca000 	C:\WINDOWS\SYSTEM32\VERSION.dll
0x00007ffe0a170000 - 0x00007ffe0a193000 	C:\WINDOWS\SYSTEM32\WINMM.dll
0x00007ffe0a300000 - 0x00007ffe0a309000 	C:\WINDOWS\SYSTEM32\WSOCK32.dll
0x00007ffe0e4a0000 - 0x00007ffe0e509000 	C:\WINDOWS\system32\WS2_32.dll
0x00007ffe0f150000 - 0x00007ffe0f158000 	C:\WINDOWS\system32\NSI.dll
0x00007ffe0a0f0000 - 0x00007ffe0a11c000 	C:\WINDOWS\SYSTEM32\WINMMBASE.dll
0x00007ffe0c370000 - 0x00007ffe0c3b4000 	C:\WINDOWS\system32\cfgmgr32.dll
0x00007ffe0a610000 - 0x00007ffe0a637000 	C:\WINDOWS\SYSTEM32\DEVOBJ.dll
0x00000000706f0000 - 0x00000000706ff000 	C:\Developer\Java\jdk1.8.0_45\jre\bin\verify.dll
0x00000000706c0000 - 0x00000000706e9000 	C:\Developer\Java\jdk1.8.0_45\jre\bin\java.dll
0x00000000706a0000 - 0x00000000706b6000 	C:\Developer\Java\jdk1.8.0_45\jre\bin\zip.dll
0x00007ffe0cf70000 - 0x00007ffe0e492000 	C:\WINDOWS\system32\SHELL32.dll
0x00007ffe0bd40000 - 0x00007ffe0c368000 	C:\WINDOWS\system32\windows.storage.dll
0x00007ffe0ec40000 - 0x00007ffe0eebc000 	C:\WINDOWS\system32\combase.dll
0x00007ffe0cf10000 - 0x00007ffe0cf61000 	C:\WINDOWS\system32\shlwapi.dll
0x00007ffe0bcc0000 - 0x00007ffe0bccf000 	C:\WINDOWS\system32\kernel.appcore.dll
0x00007ffe0c4d0000 - 0x00007ffe0c583000 	C:\WINDOWS\system32\shcore.dll
0x00007ffe0bcf0000 - 0x00007ffe0bd3a000 	C:\WINDOWS\system32\powrprof.dll
0x00007ffe0bcd0000 - 0x00007ffe0bce3000 	C:\WINDOWS\system32\profapi.dll

VM Arguments:
jvm_args: -Xmx1024M -Dfile.encoding=GBK -Duser.country=CN -Duser.language=zh -Duser.variant 
java_command: com.android.dx.command.Main --dex --num-threads=4 --output C:\Developer\Android\WorkSpace\Englishwordtest\app\build\intermediates\pre-dexed\debug\classes-f588bf43910893255c7b82f2b946d4d1c106b5a6.jar C:\Developer\Android\WorkSpace\Englishwordtest\app\build\intermediates\exploded-aar\com.android.support\appcompat-v7\23.0.1\jars\classes.jar
java_class_path (initial): C:\Developer\Android\sdk\build-tools\23.0.1\lib\dx.jar
Launcher Type: SUN_STANDARD

Environment Variables:
JAVA_HOME=C:\Developer\Java\jdk1.8.0_45
CLASSPATH=.;C:\Developer\Java\jdk1.8.0_45\lib;C:\Developer\Java\jdk1.8.0_45\lib\tools.jar
PATH=C:\Developer\Android\git\Git\cmd;C:\ProgramData\Oracle\Java\javapath;C:\WINDOWS\system32;C:\WINDOWS;C:\WINDOWS\System32\Wbem;C:\WINDOWS\System32\WindowsPowerShell\v1.0\;C:\Developer\Java\jdk1.8.0_45\bin;C:\Developer\Java\jdk1.8.0_45\jre\bin
USERNAME=xwysun
OS=Windows_NT
PROCESSOR_IDENTIFIER=Intel64 Family 6 Model 60 Stepping 3, GenuineIntel



---------------  S Y S T E M  ---------------

OS: Windows 10.0 , 64 bit Build 10240 (10.0.10240.16384)

CPU:total 8 (4 cores per cpu, 2 threads per core) family 6 model 60 stepping 3, cmov, cx8, fxsr, mmx, sse, sse2, sse3, ssse3, sse4.1, sse4.2, popcnt, avx, avx2, aes, clmul, erms, lzcnt, ht, tsc, tscinvbit, bmi1, bmi2

Memory: 4k page, physical 8308888k(2890476k free), swap 8308888k(5120k free)

vm_info: Java HotSpot(TM) 64-Bit Server VM (25.45-b02) for windows-amd64 JRE (1.8.0_45-b15), built on Apr 30 2015 12:40:44 by "java_re" with MS VC++ 10.0 (VS2010)

time: Wed Oct 07 17:18:39 2015
elapsed time: 1 seconds (0d 0h 0m 1s)

