#
# There is insufficient memory for the Java Runtime Environment to continue.
# Native memory allocation (malloc) failed to allocate 1026096 bytes for Chunk::new
# Possible reasons:
#   The system is out of physical RAM or swap space
#   In 32 bit mode, the process size limit was hit
# Possible solutions:
#   Reduce memory load on the system
#   Increase physical memory or swap space
#   Check if swap backing store is full
#   Use 64 bit Java on a 64 bit OS
#   Decrease Java heap size (-Xmx/-Xms)
#   Decrease number of Java threads
#   Decrease Java thread stack sizes (-Xss)
#   Set larger code cache with -XX:ReservedCodeCacheSize=
# This output file may be truncated or incomplete.
#
#  Out of Memory Error (allocation.cpp:390), pid=7424, tid=8308
#
# JRE version: Java(TM) SE Runtime Environment (8.0_45-b15) (build 1.8.0_45-b15)
# Java VM: Java HotSpot(TM) 64-Bit Server VM (25.45-b02 mixed mode windows-amd64 compressed oops)
# Failed to write core dump. Minidumps are not enabled by default on client versions of Windows
#

---------------  T H R E A D  ---------------

Current thread (0x000000001778e000):  JavaThread "C2 CompilerThread2" daemon [_thread_in_native, id=8308, stack(0x0000000017f00000,0x0000000018000000)]

Stack: [0x0000000017f00000,0x0000000018000000]
Native frames: (J=compiled Java code, j=interpreted, Vv=VM code, C=native code)
V  [jvm.dll+0x32b57a]
V  [jvm.dll+0x279873]
V  [jvm.dll+0x27a509]
V  [jvm.dll+0x271825]
V  [jvm.dll+0xcb9e2]
V  [jvm.dll+0xcbeac]
V  [jvm.dll+0x476ef2]
V  [jvm.dll+0x4b955f]
V  [jvm.dll+0x46b92f]
V  [jvm.dll+0x46ccbe]
V  [jvm.dll+0x4500f2]
V  [jvm.dll+0xa4352]
V  [jvm.dll+0xa4c8f]
V  [jvm.dll+0x241984]
V  [jvm.dll+0x29853a]
C  [msvcr100.dll+0x21d9f]
C  [msvcr100.dll+0x21e3b]
C  [KERNEL32.DLL+0x12d92]
C  [ntdll.dll+0x9f64]


Current CompileTask:
C2:   1643 1261       4       com.android.dx.ssa.SCCP::simulateBranch (666 bytes)


---------------  P R O C E S S  ---------------

Java Threads: ( => current thread )
  0x0000000017a33000 JavaThread "pool-1-thread-4" [_thread_in_Java, id=8204, stack(0x0000000018700000,0x0000000018800000)]
  0x0000000017a34800 JavaThread "pool-1-thread-3" [_thread_blocked, id=4008, stack(0x0000000018600000,0x0000000018700000)]
  0x0000000017a34000 JavaThread "pool-1-thread-2" [_thread_blocked, id=5236, stack(0x0000000018500000,0x0000000018600000)]
  0x0000000017a1c800 JavaThread "pool-2-thread-1" [_thread_blocked, id=12208, stack(0x0000000018400000,0x0000000018500000)]
  0x0000000017a15800 JavaThread "pool-1-thread-1" [_thread_blocked, id=11440, stack(0x0000000018300000,0x0000000018400000)]
  0x0000000017839800 JavaThread "Service Thread" daemon [_thread_blocked, id=3088, stack(0x0000000018100000,0x0000000018200000)]
  0x00000000177a2000 JavaThread "C1 CompilerThread3" daemon [_thread_in_vm, id=5008, stack(0x0000000018000000,0x0000000018100000)]
=>0x000000001778e000 JavaThread "C2 CompilerThread2" daemon [_thread_in_native, id=8308, stack(0x0000000017f00000,0x0000000018000000)]
  0x0000000017788800 JavaThread "C2 CompilerThread1" daemon [_thread_in_native, id=8092, stack(0x0000000017e00000,0x0000000017f00000)]
  0x0000000017784800 JavaThread "C2 CompilerThread0" daemon [_thread_in_native, id=5380, stack(0x0000000017d00000,0x0000000017e00000)]
  0x0000000017782800 JavaThread "Attach Listener" daemon [_thread_blocked, id=11836, stack(0x0000000017c00000,0x0000000017d00000)]
  0x0000000017736800 JavaThread "Signal Dispatcher" daemon [_thread_blocked, id=11016, stack(0x0000000017b00000,0x0000000017c00000)]
  0x0000000002c0a000 JavaThread "Finalizer" daemon [_thread_blocked, id=4600, stack(0x0000000017600000,0x0000000017700000)]
  0x0000000002c03000 JavaThread "Reference Handler" daemon [_thread_blocked, id=4012, stack(0x0000000017500000,0x0000000017600000)]
  0x0000000002b10800 JavaThread "main" [_thread_in_Java, id=10148, stack(0x0000000002a10000,0x0000000002b10000)]

Other Threads:
  0x0000000015729800 VMThread [stack: 0x0000000017400000,0x0000000017500000] [id=4552]
  0x0000000017842800 WatcherThread [stack: 0x0000000018200000,0x0000000018300000] [id=11852]

VM state:not at safepoint (normal execution)

VM Mutex/Monitor currently owned by a thread: None

Heap:
 PSYoungGen      total 38400K, used 11984K [0x00000000eab00000, 0x00000000ef600000, 0x0000000100000000)
  eden space 33280K, 20% used [0x00000000eab00000,0x00000000eb1bab68,0x00000000ecb80000)
  from space 5120K, 99% used [0x00000000ecb80000,0x00000000ed0797d8,0x00000000ed080000)
  to   space 5120K, 0% used [0x00000000ef100000,0x00000000ef100000,0x00000000ef600000)
 ParOldGen       total 87552K, used 2197K [0x00000000c0000000, 0x00000000c5580000, 0x00000000eab00000)
  object space 87552K, 2% used [0x00000000c0000000,0x00000000c02256a0,0x00000000c5580000)
 Metaspace       used 5932K, capacity 6960K, committed 7040K, reserved 1056768K
  class space    used 587K, capacity 616K, committed 640K, reserved 1048576K

Card table byte_map: [0x0000000011fd0000,0x00000000121e0000] byte_map_base: 0x00000000119d0000

Marking Bits: (ParMarkBitMap*) 0x00000000716e4040
 Begin Bits: [0x0000000012b40000, 0x0000000013b40000)
 End Bits:   [0x0000000013b40000, 0x0000000014b40000)

Polling page: 0x0000000000a30000

CodeCache: size=245760Kb used=5174Kb max_used=5174Kb free=240585Kb
 bounds [0x0000000002c10000, 0x0000000003130000, 0x0000000011c10000]
 total_blobs=1570 nmethods=1299 adapters=184
 compilation: enabled

Compilation events (10 events):
Event: 1.619 Thread 0x00000000177a2000 nmethod 1263 0x00000000030fbe50 code [0x00000000030fbfe0, 0x00000000030fc598]
Event: 1.619 Thread 0x00000000177a2000 1264       3       com.android.dx.rop.code.DexTranslationAdvice::hasConstantOperation (163 bytes)
Event: 1.620 Thread 0x00000000177a2000 nmethod 1264 0x00000000030fc790 code [0x00000000030fc9e0, 0x00000000030fe278]
Event: 1.620 Thread 0x00000000177a2000 1283       3       com.android.dx.ssa.SsaMethod::convertRopToSsaBlocks (103 bytes)
Event: 1.621 Thread 0x00000000177a2000 nmethod 1283 0x00000000030fe790 code [0x00000000030fea00, 0x00000000030ffbc8]
Event: 1.621 Thread 0x00000000177a2000 1284       3       com.android.dx.ssa.PhiTypeResolver::run (179 bytes)
Event: 1.622 Thread 0x00000000177a2000 nmethod 1284 0x00000000031005d0 code [0x0000000003100860, 0x00000000031019a8]
Event: 1.622 Thread 0x00000000177a2000 1260       3       com.android.dx.ssa.SCCP::simulateMath (424 bytes)
Event: 1.624 Thread 0x00000000177a2000 nmethod 1260 0x00000000031021d0 code [0x0000000003102480, 0x0000000003103dc8]
Event: 1.624 Thread 0x00000000177a2000 1285       3       com.android.dx.ssa.back.FirstFitLocalCombiningAllocator::tryMapReg (41 bytes)

GC Heap History (2 events):
Event: 1.126 GC heap before
{Heap before GC invocations=1 (full 0):
 PSYoungGen      total 38400K, used 33280K [0x00000000eab00000, 0x00000000ed580000, 0x0000000100000000)
  eden space 33280K, 100% used [0x00000000eab00000,0x00000000ecb80000,0x00000000ecb80000)
  from space 5120K, 0% used [0x00000000ed080000,0x00000000ed080000,0x00000000ed580000)
  to   space 5120K, 0% used [0x00000000ecb80000,0x00000000ecb80000,0x00000000ed080000)
 ParOldGen       total 87552K, used 0K [0x00000000c0000000, 0x00000000c5580000, 0x00000000eab00000)
  object space 87552K, 0% used [0x00000000c0000000,0x00000000c0000000,0x00000000c5580000)
 Metaspace       used 5902K, capacity 6960K, committed 7040K, reserved 1056768K
  class space    used 587K, capacity 616K, committed 640K, reserved 1048576K
Event: 1.579 GC heap after
Heap after GC invocations=1 (full 0):
 PSYoungGen      total 38400K, used 5093K [0x00000000eab00000, 0x00000000ef600000, 0x0000000100000000)
  eden space 33280K, 0% used [0x00000000eab00000,0x00000000eab00000,0x00000000ecb80000)
  from space 5120K, 99% used [0x00000000ecb80000,0x00000000ed0797d8,0x00000000ed080000)
  to   space 5120K, 0% used [0x00000000ef100000,0x00000000ef100000,0x00000000ef600000)
 ParOldGen       total 87552K, used 2197K [0x00000000c0000000, 0x00000000c5580000, 0x00000000eab00000)
  object space 87552K, 2% used [0x00000000c0000000,0x00000000c02256a0,0x00000000c5580000)
 Metaspace       used 5902K, capacity 6960K, committed 7040K, reserved 1056768K
  class space    used 587K, capacity 616K, committed 640K, reserved 1048576K
}

Deoptimization events (10 events):
Event: 1.047 Thread 0x0000000017a33000 Uncommon trap: reason=unstable_if action=reinterpret pc=0x0000000002f105b8 method=com.android.dx.rop.code.RegisterSpec.equals(ILcom/android/dx/rop/type/TypeBearer;Lcom/android/dx/rop/code/LocalItem;)Z @ 42
Event: 1.080 Thread 0x0000000017a33000 Uncommon trap: reason=bimorphic action=maybe_recompile pc=0x0000000002e76bdc method=java.util.HashMap.getNode(ILjava/lang/Object;)Ljava/util/HashMap$Node; @ 126
Event: 1.080 Thread 0x0000000017a33000 Uncommon trap: reason=class_check action=maybe_recompile pc=0x000000000303a044 method=java.util.HashMap.putVal(ILjava/lang/Object;Ljava/lang/Object;ZZ)Ljava/lang/Object; @ 203
Event: 1.080 Thread 0x0000000017a33000 Uncommon trap: reason=bimorphic action=maybe_recompile pc=0x0000000002e76bdc method=java.util.HashMap.getNode(ILjava/lang/Object;)Ljava/util/HashMap$Node; @ 126
Event: 1.080 Thread 0x0000000017a33000 Uncommon trap: reason=class_check action=maybe_recompile pc=0x000000000303a044 method=java.util.HashMap.putVal(ILjava/lang/Object;Ljava/lang/Object;ZZ)Ljava/lang/Object; @ 203
Event: 1.080 Thread 0x0000000017a33000 Uncommon trap: reason=bimorphic action=maybe_recompile pc=0x0000000002e76bdc method=java.util.HashMap.getNode(ILjava/lang/Object;)Ljava/util/HashMap$Node; @ 126
Event: 1.080 Thread 0x0000000017a33000 Uncommon trap: reason=class_check action=maybe_recompile pc=0x000000000303a044 method=java.util.HashMap.putVal(ILjava/lang/Object;Ljava/lang/Object;ZZ)Ljava/lang/Object; @ 203
Event: 1.080 Thread 0x0000000017a33000 Uncommon trap: reason=bimorphic action=maybe_recompile pc=0x0000000002e76bdc method=java.util.HashMap.getNode(ILjava/lang/Object;)Ljava/util/HashMap$Node; @ 126
Event: 1.080 Thread 0x0000000017a33000 Uncommon trap: reason=class_check action=maybe_recompile pc=0x000000000303a044 method=java.util.HashMap.putVal(ILjava/lang/Object;Ljava/lang/Object;ZZ)Ljava/lang/Object; @ 203
Event: 1.080 Thread 0x0000000017a33000 Uncommon trap: reason=bimorphic action=maybe_recompile pc=0x0000000002e43ea0 method=java.util.HashMap.getNode(ILjava/lang/Object;)Ljava/util/HashMap$Node; @ 126

Internal exceptions (2 events):
Event: 0.030 Thread 0x0000000002b10800 Exception <a 'java/lang/NoSuchMethodError': Method sun.misc.Unsafe.defineClass(Ljava/lang/String;[BII)Ljava/lang/Class; name or signature does not match> (0x00000000eab12f18) thrown at [C:\re\workspace\8-2-build-windows-amd64-cygwin\jdk8u45\3627\hotspot\sr†Ükžëž?
Event: 0.030 Thread 0x0000000002b10800 Exception <a 'java/lang/NoSuchMethodError': Method sun.misc.Unsafe.prefetchRead(Ljava/lang/Object;J)V name or signature does not match> (0x00000000eab131a8) thrown at [C:\re\workspace\8-2-build-windows-amd64-cygwin\jdk8u45\3627\hotspot\src\share\vm\prims\j

Events (10 events):
Event: 1.080 Thread 0x0000000017a33000 DEOPT PACKING pc=0x0000000002e76bdc sp=0x00000000187fe8c0
Event: 1.080 Thread 0x0000000017a33000 DEOPT UNPACKING pc=0x0000000002c5582a sp=0x00000000187fe840 mode 2
Event: 1.080 Thread 0x0000000017a33000 Uncommon trap: trap_request=0xffffffde fr.pc=0x000000000303a044
Event: 1.080 Thread 0x0000000017a33000 DEOPT PACKING pc=0x000000000303a044 sp=0x00000000187fe890
Event: 1.080 Thread 0x0000000017a33000 DEOPT UNPACKING pc=0x0000000002c5582a sp=0x00000000187fe818 mode 2
Event: 1.080 Thread 0x0000000017a33000 Uncommon trap: trap_request=0xffffffc6 fr.pc=0x0000000002e43ea0
Event: 1.080 Thread 0x0000000017a33000 DEOPT PACKING pc=0x0000000002e43ea0 sp=0x00000000187fe5d0
Event: 1.080 Thread 0x0000000017a33000 DEOPT UNPACKING pc=0x0000000002c5582a sp=0x00000000187fe4e8 mode 2
Event: 1.126 Executing VM operation: ParallelGCFailedAllocation
Event: 1.579 Executing VM operation: ParallelGCFailedAllocation done


Dynamic libraries:
0x00007ff659c00000 - 0x00007ff659c37000 	C:\Developer\Java\jdk1.8.0_45\bin\java.exe
0x00007fff9f710000 - 0x00007fff9f8d1000 	C:\WINDOWS\SYSTEM32\ntdll.dll
0x00007fff9eb60000 - 0x00007fff9ec0d000 	C:\WINDOWS\system32\KERNEL32.DLL
0x00007fff9c9d0000 - 0x00007fff9cbad000 	C:\WINDOWS\system32\KERNELBASE.dll
0x00007fff9f140000 - 0x00007fff9f1e6000 	C:\WINDOWS\system32\ADVAPI32.dll
0x00007fff9e690000 - 0x00007fff9e72d000 	C:\WINDOWS\system32\msvcrt.dll
0x00007fff9f6b0000 - 0x00007fff9f70b000 	C:\WINDOWS\system32\sechost.dll
0x00007fff9ee40000 - 0x00007fff9ef66000 	C:\WINDOWS\system32\RPCRT4.dll
0x00007fff9e730000 - 0x00007fff9e87e000 	C:\WINDOWS\system32\USER32.dll
0x00007fff9ef70000 - 0x00007fff9f0f6000 	C:\WINDOWS\system32\GDI32.dll
0x00007fff988c0000 - 0x00007fff98b34000 	C:\WINDOWS\WinSxS\amd64_microsoft.windows.common-controls_6595b64144ccf1df_6.0.10240.16384_none_f41f7b285750ef43\COMCTL32.dll
0x00007fff9f100000 - 0x00007fff9f136000 	C:\WINDOWS\system32\IMM32.DLL
0x00007fff9f310000 - 0x00007fff9f46c000 	C:\WINDOWS\system32\MSCTF.dll
0x0000000070980000 - 0x0000000070a52000 	C:\Developer\Java\jdk1.8.0_45\jre\bin\msvcr100.dll
0x0000000070ee0000 - 0x0000000071763000 	C:\Developer\Java\jdk1.8.0_45\jre\bin\server\jvm.dll
0x00007fff9cdf0000 - 0x00007fff9cdf8000 	C:\WINDOWS\system32\PSAPI.DLL
0x00007fff9a0f0000 - 0x00007fff9a0f9000 	C:\WINDOWS\SYSTEM32\WSOCK32.dll
0x00007fff99f30000 - 0x00007fff99f53000 	C:\WINDOWS\SYSTEM32\WINMM.dll
0x00007fff988b0000 - 0x00007fff988ba000 	C:\WINDOWS\SYSTEM32\VERSION.dll
0x00007fff9ed10000 - 0x00007fff9ed79000 	C:\WINDOWS\system32\WS2_32.dll
0x00007fff9ee30000 - 0x00007fff9ee38000 	C:\WINDOWS\system32\NSI.dll
0x00007fff99ee0000 - 0x00007fff99f0c000 	C:\WINDOWS\SYSTEM32\WINMMBASE.dll
0x00007fff9c980000 - 0x00007fff9c9c4000 	C:\WINDOWS\system32\cfgmgr32.dll
0x00007fff9aab0000 - 0x00007fff9aad7000 	C:\WINDOWS\SYSTEM32\DEVOBJ.dll
0x0000000070df0000 - 0x0000000070dff000 	C:\Developer\Java\jdk1.8.0_45\jre\bin\verify.dll
0x0000000070dc0000 - 0x0000000070de9000 	C:\Developer\Java\jdk1.8.0_45\jre\bin\java.dll
0x0000000070da0000 - 0x0000000070db6000 	C:\Developer\Java\jdk1.8.0_45\jre\bin\zip.dll
0x00007fff9d160000 - 0x00007fff9e682000 	C:\WINDOWS\system32\SHELL32.dll
0x00007fff9c1e0000 - 0x00007fff9c808000 	C:\WINDOWS\system32\windows.storage.dll
0x00007fff9e880000 - 0x00007fff9eafc000 	C:\WINDOWS\system32\combase.dll
0x00007fff9eb00000 - 0x00007fff9eb51000 	C:\WINDOWS\system32\shlwapi.dll
0x00007fff9c1b0000 - 0x00007fff9c1bf000 	C:\WINDOWS\system32\kernel.appcore.dll
0x00007fff9c8c0000 - 0x00007fff9c973000 	C:\WINDOWS\system32\shcore.dll
0x00007fff9c160000 - 0x00007fff9c1aa000 	C:\WINDOWS\system32\powrprof.dll
0x00007fff9c140000 - 0x00007fff9c153000 	C:\WINDOWS\system32\profapi.dll
0x00007fff8b7f0000 - 0x00007fff8b97a000 	C:\WINDOWS\SYSTEM32\dbghelp.dll

VM Arguments:
jvm_args: -Xmx1024M -Dfile.encoding=GBK -Duser.country=CN -Duser.language=zh -Duser.variant 
java_command: com.android.dx.command.Main --dex --num-threads=4 --output C:\Developer\Android\WorkSpace\Englishwordtest\app\build\intermediates\pre-dexed\debug\classes-83beb3b2aad6def0b25fa40117402f4a43c36020.jar C:\Developer\Android\WorkSpace\Englishwordtest\app\build\intermediates\exploded-aar\com.android.support\support-v4\23.0.1\jars\classes.jar
java_class_path (initial): C:\Developer\Android\sdk\build-tools\23.0.1\lib\dx.jar
Launcher Type: SUN_STANDARD

Environment Variables:
JAVA_HOME=C:\Developer\Java\jdk1.8.0_45
CLASSPATH=.;C:\Developer\Java\jdk1.8.0_45\lib;C:\Developer\Java\jdk1.8.0_45\lib\tools.jar
PATH=C:\Developer\Android\git\Git\cmd;C:\ProgramData\Oracle\Java\javapath;C:\WINDOWS\system32;C:\WINDOWS;C:\WINDOWS\System32\Wbem;C:\WINDOWS\System32\WindowsPowerShell\v1.0\;C:\Developer\Java\jdk1.8.0_45\bin;C:\Developer\Java\jdk1.8.0_45\jre\bin;C:\Software\MatLab\bin;C:\Software\MatLab\bin\win64
USERNAME=xwysun
OS=Windows_NT
PROCESSOR_IDENTIFIER=Intel64 Family 6 Model 60 Stepping 3, GenuineIntel



---------------  S Y S T E M  ---------------

OS: Windows 10.0 , 64 bit Build 10240 (10.0.10240.16384)

CPU:total 8 (4 cores per cpu, 2 threads per core) family 6 model 60 stepping 3, cmov, cx8, fxsr, mmx, sse, sse2, sse3, ssse3, sse4.1, sse4.2, popcnt, avx, avx2, aes, clmul, erms, lzcnt, ht, tsc, tscinvbit, bmi1, bmi2

Memory: 4k page, physical 8308888k(2382020k free), swap 8308888k(5580k free)

vm_info: Java HotSpot(TM) 64-Bit Server VM (25.45-b02) for windows-amd64 JRE (1.8.0_45-b15), built on Apr 30 2015 12:40:44 by "java_re" with MS VC++ 10.0 (VS2010)

time: Sun Oct 25 20:10:34 2015
elapsed time: 1 seconds (0d 0h 0m 1s)

