#
# There is insufficient memory for the Java Runtime Environment to continue.
# Native memory allocation (malloc) failed to allocate 454736 bytes for Chunk::new
# Possible reasons:
#   The system is out of physical RAM or swap space
#   In 32 bit mode, the process size limit was hit
# Possible solutions:
#   Reduce memory load on the system
#   Increase physical memory or swap space
#   Check if swap backing store is full
#   Use 64 bit Java on a 64 bit OS
#   Decrease Java heap size (-Xmx/-Xms)
#   Decrease number of Java threads
#   Decrease Java thread stack sizes (-Xss)
#   Set larger code cache with -XX:ReservedCodeCacheSize=
# This output file may be truncated or incomplete.
#
#  Out of Memory Error (allocation.cpp:390), pid=9048, tid=3908
#
# JRE version: Java(TM) SE Runtime Environment (8.0_45-b15) (build 1.8.0_45-b15)
# Java VM: Java HotSpot(TM) 64-Bit Server VM (25.45-b02 mixed mode windows-amd64 compressed oops)
# Failed to write core dump. Minidumps are not enabled by default on client versions of Windows
#

---------------  T H R E A D  ---------------

Current thread (0x0000000017cab000):  JavaThread "C2 CompilerThread0" daemon [_thread_in_native, id=3908, stack(0x0000000018270000,0x0000000018370000)]

Stack: [0x0000000018270000,0x0000000018370000]
Native frames: (J=compiled Java code, j=interpreted, Vv=VM code, C=native code)
V  [jvm.dll+0x32b57a]


Current CompileTask:
C2:   1749 1235       4       com.android.dx.ssa.SCCP::simulateBranch (666 bytes)


---------------  P R O C E S S  ---------------

Java Threads: ( => current thread )
  0x0000000017f94800 JavaThread "pool-1-thread-4" [_thread_in_vm, id=4260, stack(0x0000000018c70000,0x0000000018d70000)]
  0x0000000017f93800 JavaThread "pool-1-thread-3" [_thread_in_Java, id=4172, stack(0x0000000018b70000,0x0000000018c70000)]
  0x0000000017f8f000 JavaThread "pool-1-thread-2" [_thread_blocked, id=5208, stack(0x0000000018a70000,0x0000000018b70000)]
  0x0000000017f72800 JavaThread "pool-2-thread-1" [_thread_blocked, id=8636, stack(0x0000000018970000,0x0000000018a70000)]
  0x0000000017f71800 JavaThread "pool-1-thread-1" [_thread_blocked, id=4960, stack(0x0000000018870000,0x0000000018970000)]
  0x0000000017da2800 JavaThread "Service Thread" daemon [_thread_blocked, id=8488, stack(0x0000000018670000,0x0000000018770000)]
  0x0000000017d4a000 JavaThread "C1 CompilerThread3" daemon [_thread_blocked, id=3116, stack(0x0000000018570000,0x0000000018670000)]
  0x0000000017d09800 JavaThread "C2 CompilerThread2" daemon [_thread_in_native, id=5392, stack(0x0000000018470000,0x0000000018570000)]
  0x0000000017cfb800 JavaThread "C2 CompilerThread1" daemon [_thread_in_native, id=3280, stack(0x0000000018370000,0x0000000018470000)]
=>0x0000000017cab000 JavaThread "C2 CompilerThread0" daemon [_thread_in_native, id=3908, stack(0x0000000018270000,0x0000000018370000)]
  0x0000000017ca9000 JavaThread "Attach Listener" daemon [_thread_blocked, id=10008, stack(0x0000000018170000,0x0000000018270000)]
  0x0000000017cf8800 JavaThread "Signal Dispatcher" daemon [_thread_blocked, id=4236, stack(0x0000000018070000,0x0000000018170000)]
  0x0000000003178800 JavaThread "Finalizer" daemon [_thread_blocked, id=2424, stack(0x0000000017b70000,0x0000000017c70000)]
  0x0000000015c9d800 JavaThread "Reference Handler" daemon [_thread_blocked, id=8416, stack(0x0000000017a70000,0x0000000017b70000)]
  0x0000000003080800 JavaThread "main" [_thread_blocked, id=7504, stack(0x0000000002f80000,0x0000000003080000)]

Other Threads:
  0x0000000015c99000 VMThread [stack: 0x0000000017970000,0x0000000017a70000] [id=8208]
  0x0000000017dab000 WatcherThread [stack: 0x0000000018770000,0x0000000018870000] [id=8200]

VM state:not at safepoint (normal execution)

VM Mutex/Monitor currently owned by a thread: None

Heap:
 PSYoungGen      total 38400K, used 31616K [0x00000000eab00000, 0x00000000ed580000, 0x0000000100000000)
  eden space 33280K, 95% used [0x00000000eab00000,0x00000000ec9e0330,0x00000000ecb80000)
  from space 5120K, 0% used [0x00000000ed080000,0x00000000ed080000,0x00000000ed580000)
  to   space 5120K, 0% used [0x00000000ecb80000,0x00000000ecb80000,0x00000000ed080000)
 ParOldGen       total 87552K, used 0K [0x00000000c0000000, 0x00000000c5580000, 0x00000000eab00000)
  object space 87552K, 0% used [0x00000000c0000000,0x00000000c0000000,0x00000000c5580000)
 Metaspace       used 5880K, capacity 6896K, committed 7040K, reserved 1056768K
  class space    used 585K, capacity 616K, committed 640K, reserved 1048576K

Card table byte_map: [0x0000000012540000,0x0000000012750000] byte_map_base: 0x0000000011f40000

Marking Bits: (ParMarkBitMap*) 0x0000000070fe4040
 Begin Bits: [0x00000000130b0000, 0x00000000140b0000)
 End Bits:   [0x00000000140b0000, 0x00000000150b0000)

Polling page: 0x00000000012c0000

CodeCache: size=245760Kb used=4914Kb max_used=4914Kb free=240845Kb
 bounds [0x0000000003180000, 0x0000000003660000, 0x0000000012180000]
 total_blobs=1500 nmethods=1229 adapters=184
 compilation: enabled

Compilation events (10 events):
Event: 1.726 Thread 0x0000000017cfb800 1237       4       com.android.dx.ssa.SCCP::simulateStmt (481 bytes)
Event: 1.726 Thread 0x0000000017d4a000 nmethod 1222 0x000000000364e7d0 code [0x000000000364ea20, 0x000000000364f858]
Event: 1.726 Thread 0x0000000017d4a000 1231       3       com.android.dx.cf.code.LocalVariableList$Item::getLocalItem (12 bytes)
Event: 1.728 Thread 0x0000000017d4a000 nmethod 1231 0x00000000036497d0 code [0x0000000003649940, 0x0000000003649cb0]
Event: 1.728 Thread 0x0000000017d4a000 1232       3       com.android.dx.rop.code.LocalItem::make (20 bytes)
Event: 1.728 Thread 0x0000000017d4a000 nmethod 1232 0x0000000003613090 code [0x0000000003613200, 0x00000000036134f0]
Event: 1.728 Thread 0x0000000017d4a000 1233       3       com.android.dx.rop.code.LocalItem::<init> (15 bytes)
Event: 1.728 Thread 0x0000000017d4a000 nmethod 1233 0x000000000364fed0 code [0x0000000003650020, 0x00000000036501f0]
Event: 1.728 Thread 0x0000000017d4a000 1220       1       com.android.dx.rop.annotation.NameValuePair::getName (5 bytes)
Event: 1.728 Thread 0x0000000017d4a000 nmethod 1220 0x0000000003650290 code [0x00000000036503e0, 0x00000000036504f0]

GC Heap History (0 events):
No events

Deoptimization events (7 events):
Event: 0.312 Thread 0x0000000003080800 Uncommon trap: reason=unstable_if action=reinterpret pc=0x00000000032db114 method=java.lang.String.indexOf(II)I @ 49
Event: 1.034 Thread 0x0000000017f94800 Uncommon trap: reason=class_check action=maybe_recompile pc=0x0000000003411e70 method=com.android.dx.ssa.NormalSsaInsn.accept(Lcom/android/dx/ssa/SsaInsn$Visitor;)V @ 9
Event: 1.034 Thread 0x0000000017f94800 Uncommon trap: reason=class_check action=maybe_recompile pc=0x0000000003411e70 method=com.android.dx.ssa.NormalSsaInsn.accept(Lcom/android/dx/ssa/SsaInsn$Visitor;)V @ 9
Event: 1.034 Thread 0x0000000017f94800 Uncommon trap: reason=class_check action=maybe_recompile pc=0x0000000003411e70 method=com.android.dx.ssa.NormalSsaInsn.accept(Lcom/android/dx/ssa/SsaInsn$Visitor;)V @ 9
Event: 1.034 Thread 0x0000000017f94800 Uncommon trap: reason=class_check action=maybe_recompile pc=0x0000000003411e70 method=com.android.dx.ssa.NormalSsaInsn.accept(Lcom/android/dx/ssa/SsaInsn$Visitor;)V @ 9
Event: 1.034 Thread 0x0000000017f94800 Uncommon trap: reason=class_check action=maybe_recompile pc=0x00000000033fa670 method=com.android.dx.ssa.NormalSsaInsn.accept(Lcom/android/dx/ssa/SsaInsn$Visitor;)V @ 9
Event: 1.171 Thread 0x0000000017f8f000 Uncommon trap: reason=null_check action=make_not_entrant pc=0x000000000347f524 method=com.android.dx.rop.type.Type.equals(Ljava/lang/Object;)Z @ 8

Internal exceptions (3 events):
Event: 0.035 Thread 0x0000000003080800 Exception <a 'java/lang/NoSuchMethodError': Method sun.misc.Unsafe.defineClass(Ljava/lang/String;[BII)Ljava/lang/Class; name or signature does not match> (0x00000000eab12f18) thrown at [C:\re\workspace\8-2-build-windows-amd64-cygwin\jdk8u45\3627\hotspot\srC	Ð•Å.¢?
Event: 0.036 Thread 0x0000000003080800 Exception <a 'java/lang/NoSuchMethodError': Method sun.misc.Unsafe.prefetchRead(Ljava/lang/Object;J)V name or signature does not match> (0x00000000eab131a8) thrown at [C:\re\workspace\8-2-build-windows-amd64-cygwin\jdk8u45\3627\hotspot\src\share\vm\prims\jn­Žs»ò?
Event: 1.171 Thread 0x0000000017f8f000 Implicit null exception at 0x000000000347f422 to 0x000000000347f515

Events (10 events):
Event: 1.095 loading class java/util/TreeMap$EntryIterator done
Event: 1.171 Thread 0x0000000017f8f000 Uncommon trap: trap_request=0xfffffff4 fr.pc=0x000000000347f524
Event: 1.171 Thread 0x0000000017f8f000 DEOPT PACKING pc=0x000000000347f524 sp=0x0000000018b6e600
Event: 1.171 Thread 0x0000000017f8f000 DEOPT UNPACKING pc=0x00000000031c582a sp=0x0000000018b6e598 mode 2
Event: 1.488 loading class com/android/dx/cf/code/SwitchList
Event: 1.488 loading class com/android/dx/cf/code/SwitchList done
Event: 1.493 Executing VM operation: ForceSafepoint
Event: 1.493 Executing VM operation: ForceSafepoint done
Event: 1.540 loading class com/android/dx/cf/attrib/AttLocalVariableTypeTable
Event: 1.540 loading class com/android/dx/cf/attrib/AttLocalVariableTypeTable done


Dynamic libraries:
0x00007ff705100000 - 0x00007ff705137000 	C:\Developer\Java\jdk1.8.0_45\bin\java.exe
0x00007ffe0f270000 - 0x00007ffe0f431000 	C:\WINDOWS\SYSTEM32\ntdll.dll
0x00007ffe0ef20000 - 0x00007ffe0efcd000 	C:\WINDOWS\system32\KERNEL32.DLL
0x00007ffe0c760000 - 0x00007ffe0c93d000 	C:\WINDOWS\system32\KERNELBASE.dll
0x00007ffe0f1c0000 - 0x00007ffe0f266000 	C:\WINDOWS\system32\ADVAPI32.dll
0x00007ffe0efd0000 - 0x00007ffe0f06d000 	C:\WINDOWS\system32\msvcrt.dll
0x00007ffe0ceb0000 - 0x00007ffe0cf0b000 	C:\WINDOWS\system32\sechost.dll
0x00007ffe0cd80000 - 0x00007ffe0cea6000 	C:\WINDOWS\system32\RPCRT4.dll
0x00007ffe0e720000 - 0x00007ffe0e86e000 	C:\WINDOWS\system32\USER32.dll
0x00007ffe0cbe0000 - 0x00007ffe0cd66000 	C:\WINDOWS\system32\GDI32.dll
0x00007ffe07f80000 - 0x00007ffe081f4000 	C:\WINDOWS\WinSxS\amd64_microsoft.windows.common-controls_6595b64144ccf1df_6.0.10240.16384_none_f41f7b285750ef43\COMCTL32.dll
0x00007ffe0e510000 - 0x00007ffe0e546000 	C:\WINDOWS\system32\IMM32.DLL
0x00007ffe0e870000 - 0x00007ffe0e9cc000 	C:\WINDOWS\system32\MSCTF.dll
0x0000000070280000 - 0x0000000070352000 	C:\Developer\Java\jdk1.8.0_45\jre\bin\msvcr100.dll
0x00000000707e0000 - 0x0000000071063000 	C:\Developer\Java\jdk1.8.0_45\jre\bin\server\jvm.dll
0x00007ffe0cd70000 - 0x00007ffe0cd78000 	C:\WINDOWS\system32\PSAPI.DLL
0x00007ffe093c0000 - 0x00007ffe093ca000 	C:\WINDOWS\SYSTEM32\VERSION.dll
0x00007ffe0a300000 - 0x00007ffe0a309000 	C:\WINDOWS\SYSTEM32\WSOCK32.dll
0x00007ffe0a170000 - 0x00007ffe0a193000 	C:\WINDOWS\SYSTEM32\WINMM.dll
0x00007ffe0e4a0000 - 0x00007ffe0e509000 	C:\WINDOWS\system32\WS2_32.dll
0x00007ffe0f150000 - 0x00007ffe0f158000 	C:\WINDOWS\system32\NSI.dll
0x00007ffe0a0f0000 - 0x00007ffe0a11c000 	C:\WINDOWS\SYSTEM32\WINMMBASE.dll
0x00007ffe0c370000 - 0x00007ffe0c3b4000 	C:\WINDOWS\system32\cfgmgr32.dll
0x00007ffe0a610000 - 0x00007ffe0a637000 	C:\WINDOWS\SYSTEM32\DEVOBJ.dll
0x00000000706f0000 - 0x00000000706ff000 	C:\Developer\Java\jdk1.8.0_45\jre\bin\verify.dll
0x00000000706c0000 - 0x00000000706e9000 	C:\Developer\Java\jdk1.8.0_45\jre\bin\java.dll
0x00000000706a0000 - 0x00000000706b6000 	C:\Developer\Java\jdk1.8.0_45\jre\bin\zip.dll
0x00007ffe0cf70000 - 0x00007ffe0e492000 	C:\WINDOWS\system32\SHELL32.dll
0x00007ffe0bd40000 - 0x00007ffe0c368000 	C:\WINDOWS\system32\windows.storage.dll
0x00007ffe0ec40000 - 0x00007ffe0eebc000 	C:\WINDOWS\system32\combase.dll
0x00007ffe0cf10000 - 0x00007ffe0cf61000 	C:\WINDOWS\system32\shlwapi.dll
0x00007ffe0bcc0000 - 0x00007ffe0bccf000 	C:\WINDOWS\system32\kernel.appcore.dll
0x00007ffe0c4d0000 - 0x00007ffe0c583000 	C:\WINDOWS\system32\shcore.dll
0x00007ffe0bcf0000 - 0x00007ffe0bd3a000 	C:\WINDOWS\system32\powrprof.dll
0x00007ffe0bcd0000 - 0x00007ffe0bce3000 	C:\WINDOWS\system32\profapi.dll
0x00007ffdf8930000 - 0x00007ffdf8aba000 	C:\WINDOWS\SYSTEM32\dbghelp.dll

VM Arguments:
jvm_args: -Xmx1024M -Dfile.encoding=GBK -Duser.country=CN -Duser.language=zh -Duser.variant 
java_command: com.android.dx.command.Main --dex --num-threads=4 --output C:\Developer\Android\WorkSpace\Englishwordtest\app\build\intermediates\pre-dexed\debug\internal_impl-23.0.1-f8081e9da29631dd5a87794a069b9a5a011b8936.jar C:\Developer\Android\WorkSpace\Englishwordtest\app\build\intermediates\exploded-aar\com.android.support\support-v4\23.0.1\jars\libs\internal_impl-23.0.1.jar
java_class_path (initial): C:\Developer\Android\sdk\build-tools\23.0.1\lib\dx.jar
Launcher Type: SUN_STANDARD

Environment Variables:
JAVA_HOME=C:\Developer\Java\jdk1.8.0_45
CLASSPATH=.;C:\Developer\Java\jdk1.8.0_45\lib;C:\Developer\Java\jdk1.8.0_45\lib\tools.jar
PATH=C:\Developer\Android\git\Git\cmd;C:\ProgramData\Oracle\Java\javapath;C:\WINDOWS\system32;C:\WINDOWS;C:\WINDOWS\System32\Wbem;C:\WINDOWS\System32\WindowsPowerShell\v1.0\;C:\Developer\Java\jdk1.8.0_45\bin;C:\Developer\Java\jdk1.8.0_45\jre\bin
USERNAME=xwysun
OS=Windows_NT
PROCESSOR_IDENTIFIER=Intel64 Family 6 Model 60 Stepping 3, GenuineIntel



---------------  S Y S T E M  ---------------

OS: Windows 10.0 , 64 bit Build 10240 (10.0.10240.16384)

CPU:total 8 (4 cores per cpu, 2 threads per core) family 6 model 60 stepping 3, cmov, cx8, fxsr, mmx, sse, sse2, sse3, ssse3, sse4.1, sse4.2, popcnt, avx, avx2, aes, clmul, erms, lzcnt, ht, tsc, tscinvbit, bmi1, bmi2

Memory: 4k page, physical 8308888k(2895200k free), swap 8308888k(5132k free)

vm_info: Java HotSpot(TM) 64-Bit Server VM (25.45-b02) for windows-amd64 JRE (1.8.0_45-b15), built on Apr 30 2015 12:40:44 by "java_re" with MS VC++ 10.0 (VS2010)

time: Wed Oct 07 17:18:39 2015
elapsed time: 1 seconds (0d 0h 0m 1s)

