#
# There is insufficient memory for the Java Runtime Environment to continue.
# Native memory allocation (malloc) failed to allocate 102096 bytes for Chunk::new
# Possible reasons:
#   The system is out of physical RAM or swap space
#   In 32 bit mode, the process size limit was hit
# Possible solutions:
#   Reduce memory load on the system
#   Increase physical memory or swap space
#   Check if swap backing store is full
#   Use 64 bit Java on a 64 bit OS
#   Decrease Java heap size (-Xmx/-Xms)
#   Decrease number of Java threads
#   Decrease Java thread stack sizes (-Xss)
#   Set larger code cache with -XX:ReservedCodeCacheSize=
# This output file may be truncated or incomplete.
#
#  Out of Memory Error (allocation.cpp:390), pid=5016, tid=8352
#
# JRE version: Java(TM) SE Runtime Environment (8.0_45-b15) (build 1.8.0_45-b15)
# Java VM: Java HotSpot(TM) 64-Bit Server VM (25.45-b02 mixed mode windows-amd64 compressed oops)
# Failed to write core dump. Minidumps are not enabled by default on client versions of Windows
#

---------------  T H R E A D  ---------------

Current thread (0x0000000017d77000):  JavaThread "C2 CompilerThread1" daemon [_thread_in_native, id=8352, stack(0x00000000183f0000,0x00000000184f0000)]

Stack: [0x00000000183f0000,0x00000000184f0000]
Native frames: (J=compiled Java code, j=interpreted, Vv=VM code, C=native code)
V  [jvm.dll+0x32b57a]
V  [jvm.dll+0x279873]
V  [jvm.dll+0x27a509]
V  [jvm.dll+0x271825]
V  [jvm.dll+0xcb9e2]
V  [jvm.dll+0xcbeac]
V  [jvm.dll+0x476ef2]
V  [jvm.dll+0x4b955f]
V  [jvm.dll+0x46b92f]
V  [jvm.dll+0x46ccbe]
V  [jvm.dll+0x4500f2]
V  [jvm.dll+0xa4352]
V  [jvm.dll+0xa4c8f]
V  [jvm.dll+0x241984]
V  [jvm.dll+0x29853a]
C  [msvcr100.dll+0x21d9f]
C  [msvcr100.dll+0x21e3b]
C  [KERNEL32.DLL+0x12d92]
C  [ntdll.dll+0x9f64]


Current CompileTask:
C2:   1650  920       4       java.util.HashMap::getNode (148 bytes)


---------------  P R O C E S S  ---------------

Java Threads: ( => current thread )
  0x0000000018007000 JavaThread "pool-1-thread-4" [_thread_in_Java, id=5080, stack(0x0000000018cf0000,0x0000000018df0000)]
  0x0000000018004800 JavaThread "pool-1-thread-3" [_thread_blocked, id=10452, stack(0x0000000018bf0000,0x0000000018cf0000)]
  0x0000000017fff000 JavaThread "pool-1-thread-2" [_thread_in_Java, id=7408, stack(0x0000000018af0000,0x0000000018bf0000)]
  0x0000000017ffb000 JavaThread "pool-2-thread-1" [_thread_blocked, id=11704, stack(0x00000000189f0000,0x0000000018af0000)]
  0x0000000017ff6000 JavaThread "pool-1-thread-1" [_thread_in_Java, id=10776, stack(0x00000000188f0000,0x00000000189f0000)]
  0x0000000017d8a800 JavaThread "Service Thread" daemon [_thread_blocked, id=5400, stack(0x00000000186f0000,0x00000000187f0000)]
  0x0000000017d7e000 JavaThread "C1 CompilerThread3" daemon [_thread_blocked, id=11492, stack(0x00000000185f0000,0x00000000186f0000)]
  0x0000000017d7b000 JavaThread "C2 CompilerThread2" daemon [_thread_blocked, id=10408, stack(0x00000000184f0000,0x00000000185f0000)]
=>0x0000000017d77000 JavaThread "C2 CompilerThread1" daemon [_thread_in_native, id=8352, stack(0x00000000183f0000,0x00000000184f0000)]
  0x0000000017d72800 JavaThread "C2 CompilerThread0" daemon [_thread_blocked, id=11308, stack(0x00000000182f0000,0x00000000183f0000)]
  0x0000000017d70800 JavaThread "Attach Listener" daemon [_thread_blocked, id=1712, stack(0x00000000181f0000,0x00000000182f0000)]
  0x0000000017d25800 JavaThread "Signal Dispatcher" daemon [_thread_blocked, id=10632, stack(0x00000000180f0000,0x00000000181f0000)]
  0x00000000031d8800 JavaThread "Finalizer" daemon [_thread_blocked, id=9400, stack(0x0000000017bf0000,0x0000000017cf0000)]
  0x0000000015cfd800 JavaThread "Reference Handler" daemon [_thread_blocked, id=11676, stack(0x0000000017af0000,0x0000000017bf0000)]
  0x00000000030e0800 JavaThread "main" [_thread_in_Java, id=4708, stack(0x0000000002ba0000,0x0000000002ca0000)]

Other Threads:
  0x0000000015cf9000 VMThread [stack: 0x00000000179f0000,0x0000000017af0000] [id=5440]
  0x0000000017d8e000 WatcherThread [stack: 0x00000000187f0000,0x00000000188f0000] [id=12284]

VM state:not at safepoint (normal execution)

VM Mutex/Monitor currently owned by a thread: None

Heap:
 PSYoungGen      total 38400K, used 21970K [0x00000000eab00000, 0x00000000ed580000, 0x0000000100000000)
  eden space 33280K, 66% used [0x00000000eab00000,0x00000000ec074ae8,0x00000000ecb80000)
  from space 5120K, 0% used [0x00000000ed080000,0x00000000ed080000,0x00000000ed580000)
  to   space 5120K, 0% used [0x00000000ecb80000,0x00000000ecb80000,0x00000000ed080000)
 ParOldGen       total 87552K, used 0K [0x00000000c0000000, 0x00000000c5580000, 0x00000000eab00000)
  object space 87552K, 0% used [0x00000000c0000000,0x00000000c0000000,0x00000000c5580000)
 Metaspace       used 5697K, capacity 6768K, committed 7040K, reserved 1056768K
  class space    used 581K, capacity 616K, committed 640K, reserved 1048576K

Card table byte_map: [0x00000000125a0000,0x00000000127b0000] byte_map_base: 0x0000000011fa0000

Marking Bits: (ParMarkBitMap*) 0x00000000716e4040
 Begin Bits: [0x0000000013110000, 0x0000000014110000)
 End Bits:   [0x0000000014110000, 0x0000000015110000)

Polling page: 0x00000000013c0000

CodeCache: size=245760Kb used=3541Kb max_used=3554Kb free=242218Kb
 bounds [0x00000000031e0000, 0x0000000003560000, 0x00000000121e0000]
 total_blobs=1184 nmethods=913 adapters=184
 compilation: enabled

Compilation events (10 events):
Event: 1.629 Thread 0x0000000017d7e000 nmethod 917 0x000000000353d910 code [0x000000000353dae0, 0x000000000353e178]
Event: 1.629 Thread 0x0000000017d7e000  918       3       com.android.dx.cf.code.Merger::isPossiblyAssignableFrom (202 bytes)
Event: 1.631 Thread 0x0000000017d77000 nmethod 871 0x000000000353d310 code [0x000000000353d460, 0x000000000353d718]
Event: 1.631 Thread 0x0000000017d77000  920       4       java.util.HashMap::getNode (148 bytes)
Event: 1.631 Thread 0x0000000017d7e000 nmethod 918 0x00000000035442d0 code [0x0000000003544620, 0x0000000003546588]
Event: 1.631 Thread 0x0000000017d7e000  921   !   3       com.android.dx.cf.code.BaseMachine::result (36 bytes)
Event: 1.632 Thread 0x0000000017d7e000 nmethod 921 0x0000000003539c90 code [0x0000000003539e20, 0x000000000353a178]
Event: 1.632 Thread 0x0000000017d7e000  924       3       com.android.dx.ssa.SsaMethod::isRegALocal (90 bytes)
Event: 1.632 Thread 0x0000000017d7e000 nmethod 924 0x0000000003547410 code [0x0000000003547620, 0x0000000003548288]
Event: 1.632 Thread 0x0000000017d7e000  923   !   3       com.android.dx.cf.code.ExecutionStack::push (102 bytes)

GC Heap History (0 events):
No events

Deoptimization events (9 events):
Event: 0.778 Thread 0x00000000030e0800 Uncommon trap: reason=unstable_if action=reinterpret pc=0x000000000333ac54 method=java.lang.String.indexOf(II)I @ 49
Event: 1.483 Thread 0x0000000017fff000 Uncommon trap: reason=unstable_if action=reinterpret pc=0x00000000033eeadc method=java.util.HashMap.getNode(ILjava/lang/Object;)Ljava/util/HashMap$Node; @ 129
Event: 1.498 Thread 0x0000000018004800 Uncommon trap: reason=unstable_if action=reinterpret pc=0x00000000034592cc method=com.android.dx.rop.code.LocalItem.hashCode()I @ 25
Event: 1.509 Thread 0x0000000017ff6000 Uncommon trap: reason=class_check action=maybe_recompile pc=0x0000000003472f5c method=com.android.dx.rop.type.Type.equals(Ljava/lang/Object;)Z @ 8
Event: 1.509 Thread 0x0000000017ff6000 Uncommon trap: reason=class_check action=maybe_recompile pc=0x0000000003472f5c method=com.android.dx.rop.type.Type.equals(Ljava/lang/Object;)Z @ 8
Event: 1.509 Thread 0x0000000017ff6000 Uncommon trap: reason=class_check action=maybe_recompile pc=0x0000000003472f5c method=com.android.dx.rop.type.Type.equals(Ljava/lang/Object;)Z @ 8
Event: 1.509 Thread 0x0000000017ff6000 Uncommon trap: reason=class_check action=maybe_recompile pc=0x0000000003472f5c method=com.android.dx.rop.type.Type.equals(Ljava/lang/Object;)Z @ 8
Event: 1.512 Thread 0x0000000017ff6000 Uncommon trap: reason=unstable_if action=reinterpret pc=0x00000000033fe2f0 method=java.util.BitSet.nextSetBit(I)I @ 87
Event: 1.613 Thread 0x0000000018004800 Uncommon trap: reason=unstable_if action=reinterpret pc=0x00000000034c6d64 method=com.android.dx.rop.code.LocalItem.hashCode()I @ 25

Internal exceptions (2 events):
Event: 0.046 Thread 0x00000000030e0800 Exception <a 'java/lang/NoSuchMethodError': Method sun.misc.Unsafe.defineClass(Ljava/lang/String;[BII)Ljava/lang/Class; name or signature does not match> (0x00000000eab12ea8) thrown at [C:\re\workspace\8-2-build-windows-amd64-cygwin\jdk8u45\3627\hotspot\sr@|"'{§?
Event: 0.046 Thread 0x00000000030e0800 Exception <a 'java/lang/NoSuchMethodError': Method sun.misc.Unsafe.prefetchRead(Ljava/lang/Object;J)V name or signature does not match> (0x00000000eab13138) thrown at [C:\re\workspace\8-2-build-windows-amd64-cygwin\jdk8u45\3627\hotspot\src\share\vm\prims\j

Events (10 events):
Event: 1.512 Thread 0x0000000017ff6000 Uncommon trap: trap_request=0xffffff65 fr.pc=0x00000000033fe2f0
Event: 1.512 Thread 0x0000000017ff6000 DEOPT PACKING pc=0x00000000033fe2f0 sp=0x00000000189eed40
Event: 1.512 Thread 0x0000000017ff6000 DEOPT UNPACKING pc=0x000000000322582a sp=0x00000000189eecd8 mode 2
Event: 1.613 Thread 0x0000000018004800 Uncommon trap: trap_request=0xffffff65 fr.pc=0x00000000034c6d64
Event: 1.613 Thread 0x0000000018004800 DEOPT PACKING pc=0x00000000034c6d64 sp=0x0000000018cee940
Event: 1.613 Thread 0x0000000018004800 DEOPT UNPACKING pc=0x000000000322582a sp=0x0000000018cee6a8 mode 2
Event: 1.618 loading class java/util/TreeMap$EntrySet
Event: 1.618 loading class java/util/TreeMap$EntrySet done
Event: 1.618 loading class java/util/TreeMap$EntryIterator
Event: 1.618 loading class java/util/TreeMap$EntryIterator done


Dynamic libraries:
0x00007ff659c00000 - 0x00007ff659c37000 	C:\Developer\Java\jdk1.8.0_45\bin\java.exe
0x00007fff9f710000 - 0x00007fff9f8d1000 	C:\WINDOWS\SYSTEM32\ntdll.dll
0x00007fff9eb60000 - 0x00007fff9ec0d000 	C:\WINDOWS\system32\KERNEL32.DLL
0x00007fff9c9d0000 - 0x00007fff9cbad000 	C:\WINDOWS\system32\KERNELBASE.dll
0x00007fff9f140000 - 0x00007fff9f1e6000 	C:\WINDOWS\system32\ADVAPI32.dll
0x00007fff9e690000 - 0x00007fff9e72d000 	C:\WINDOWS\system32\msvcrt.dll
0x00007fff9f6b0000 - 0x00007fff9f70b000 	C:\WINDOWS\system32\sechost.dll
0x00007fff9ee40000 - 0x00007fff9ef66000 	C:\WINDOWS\system32\RPCRT4.dll
0x00007fff9e730000 - 0x00007fff9e87e000 	C:\WINDOWS\system32\USER32.dll
0x00007fff9ef70000 - 0x00007fff9f0f6000 	C:\WINDOWS\system32\GDI32.dll
0x00007fff988c0000 - 0x00007fff98b34000 	C:\WINDOWS\WinSxS\amd64_microsoft.windows.common-controls_6595b64144ccf1df_6.0.10240.16384_none_f41f7b285750ef43\COMCTL32.dll
0x00007fff9f100000 - 0x00007fff9f136000 	C:\WINDOWS\system32\IMM32.DLL
0x00007fff9f310000 - 0x00007fff9f46c000 	C:\WINDOWS\system32\MSCTF.dll
0x0000000070980000 - 0x0000000070a52000 	C:\Developer\Java\jdk1.8.0_45\jre\bin\msvcr100.dll
0x0000000070ee0000 - 0x0000000071763000 	C:\Developer\Java\jdk1.8.0_45\jre\bin\server\jvm.dll
0x00007fff9cdf0000 - 0x00007fff9cdf8000 	C:\WINDOWS\system32\PSAPI.DLL
0x00007fff9a0f0000 - 0x00007fff9a0f9000 	C:\WINDOWS\SYSTEM32\WSOCK32.dll
0x00007fff988b0000 - 0x00007fff988ba000 	C:\WINDOWS\SYSTEM32\VERSION.dll
0x00007fff99f30000 - 0x00007fff99f53000 	C:\WINDOWS\SYSTEM32\WINMM.dll
0x00007fff9ed10000 - 0x00007fff9ed79000 	C:\WINDOWS\system32\WS2_32.dll
0x00007fff9ee30000 - 0x00007fff9ee38000 	C:\WINDOWS\system32\NSI.dll
0x00007fff99ee0000 - 0x00007fff99f0c000 	C:\WINDOWS\SYSTEM32\WINMMBASE.dll
0x00007fff9c980000 - 0x00007fff9c9c4000 	C:\WINDOWS\system32\cfgmgr32.dll
0x00007fff9aab0000 - 0x00007fff9aad7000 	C:\WINDOWS\SYSTEM32\DEVOBJ.dll
0x0000000070df0000 - 0x0000000070dff000 	C:\Developer\Java\jdk1.8.0_45\jre\bin\verify.dll
0x0000000070dc0000 - 0x0000000070de9000 	C:\Developer\Java\jdk1.8.0_45\jre\bin\java.dll
0x0000000070da0000 - 0x0000000070db6000 	C:\Developer\Java\jdk1.8.0_45\jre\bin\zip.dll
0x00007fff9d160000 - 0x00007fff9e682000 	C:\WINDOWS\system32\SHELL32.dll
0x00007fff9c1e0000 - 0x00007fff9c808000 	C:\WINDOWS\system32\windows.storage.dll
0x00007fff9e880000 - 0x00007fff9eafc000 	C:\WINDOWS\system32\combase.dll
0x00007fff9eb00000 - 0x00007fff9eb51000 	C:\WINDOWS\system32\shlwapi.dll
0x00007fff9c1b0000 - 0x00007fff9c1bf000 	C:\WINDOWS\system32\kernel.appcore.dll
0x00007fff9c8c0000 - 0x00007fff9c973000 	C:\WINDOWS\system32\shcore.dll
0x00007fff9c160000 - 0x00007fff9c1aa000 	C:\WINDOWS\system32\powrprof.dll
0x00007fff9c140000 - 0x00007fff9c153000 	C:\WINDOWS\system32\profapi.dll
0x00007fff8b7f0000 - 0x00007fff8b97a000 	C:\WINDOWS\SYSTEM32\dbghelp.dll

VM Arguments:
jvm_args: -Xmx1024M -Dfile.encoding=GBK -Duser.country=CN -Duser.language=zh -Duser.variant 
java_command: com.android.dx.command.Main --dex --num-threads=4 --output C:\Developer\Android\WorkSpace\Englishwordtest\app\build\intermediates\pre-dexed\debug\classes-0dc0221237faba1b92ec427563f3bcc6364eec31.jar C:\Developer\Android\WorkSpace\Englishwordtest\app\build\intermediates\exploded-aar\com.android.support\design\23.0.1\jars\classes.jar
java_class_path (initial): C:\Developer\Android\sdk\build-tools\23.0.1\lib\dx.jar
Launcher Type: SUN_STANDARD

Environment Variables:
JAVA_HOME=C:\Developer\Java\jdk1.8.0_45
CLASSPATH=.;C:\Developer\Java\jdk1.8.0_45\lib;C:\Developer\Java\jdk1.8.0_45\lib\tools.jar
PATH=C:\Developer\Android\git\Git\cmd;C:\ProgramData\Oracle\Java\javapath;C:\WINDOWS\system32;C:\WINDOWS;C:\WINDOWS\System32\Wbem;C:\WINDOWS\System32\WindowsPowerShell\v1.0\;C:\Developer\Java\jdk1.8.0_45\bin;C:\Developer\Java\jdk1.8.0_45\jre\bin;C:\Software\MatLab\bin;C:\Software\MatLab\bin\win64
USERNAME=xwysun
OS=Windows_NT
PROCESSOR_IDENTIFIER=Intel64 Family 6 Model 60 Stepping 3, GenuineIntel



---------------  S Y S T E M  ---------------

OS: Windows 10.0 , 64 bit Build 10240 (10.0.10240.16384)

CPU:total 8 (4 cores per cpu, 2 threads per core) family 6 model 60 stepping 3, cmov, cx8, fxsr, mmx, sse, sse2, sse3, ssse3, sse4.1, sse4.2, popcnt, avx, avx2, aes, clmul, erms, lzcnt, ht, tsc, tscinvbit, bmi1, bmi2

Memory: 4k page, physical 8308888k(2366820k free), swap 8308888k(5460k free)

vm_info: Java HotSpot(TM) 64-Bit Server VM (25.45-b02) for windows-amd64 JRE (1.8.0_45-b15), built on Apr 30 2015 12:40:44 by "java_re" with MS VC++ 10.0 (VS2010)

time: Sun Oct 25 20:10:34 2015
elapsed time: 1 seconds (0d 0h 0m 1s)

